
 make.py started: 2015-08-18 13:23:26 /Users/leviboxell/Desktop/eatthepie/gslab_cmd 


Path: gslab_make
URL: http://gsbhmg01.chicagobooth.edu/svn/trunk/lib/python/gslab_make
Repository Root: http://gsbhmg01.chicagobooth.edu/svn
Repository UUID: 89b4331b-4301-411a-8e06-9c78d9cdb83d
Revision: 32217
Node Kind: directory
Last Changed Author: athomas6
Last Changed Rev: 31413
Last Changed Date: 2015-05-20 08:18:54 -0700 (Wed, 20 May 2015)


 get_externals.py started: 2015-08-18 13:23:27 /Users/leviboxell/Desktop/eatthepie/gslab_cmd

 get_externals.py ended: 2015-08-18 13:23:27

 get_externals.py started: 2015-08-18 13:23:27 /Users/leviboxell/Desktop/eatthepie/gslab_cmd
Note: not using filename externals.txt.


 get_externals.py ended: 2015-08-18 13:23:27


Execute:  python  "run_all_tests.py" 
test_isPSD_1 (test_Misc.test_Misc) ... ok
test_isPSD_identity (test_Misc.test_Misc) ... ok
test_isPSD_zeros (test_Misc.test_Misc) ... ok
test_minimizeQ (test_NormalVar.test_NormalVar) ... ok
test_minimizeQ_trueparam (test_NormalVar.test_NormalVar) ... ok

----------------------------------------------------------------------
Ran 5 tests in 0.021s

OK

 make.py ended: 2015-08-18 13:23:27
