
 make.py started: 2013-01-25 20:11:20 C:\REPO COPY\gsbhmg01\lib\python\political_speech 


Path: gslab_make
URL: http://gsbhmg01.chicagobooth.edu/svn/trunk/lib/python/gslab_make
Repository Root: http://gsbhmg01.chicagobooth.edu/svn
Repository UUID: 89b4331b-4301-411a-8e06-9c78d9cdb83d
Revision: 18603
Node Kind: directory
Last Changed Author: tditta
Last Changed Rev: 18564
Last Changed Date: 2013-01-23 22:12:57 -0600 (Wed, 23 Jan 2013)



List of all files in sub-directories in log
log
created/modified Tue Jan 22 15:15:22 2013
                                          make.log --- created/modified Fri Jan 25 20:11:21 2013 ( 441 bytes )
                       speeches_naval_store_60.txt --- created/modified Fri Jan 11 18:31:59 2013 ( 47,375 bytes )
                    speeches_welfar_system_104.txt --- created/modified Fri Jan 11 18:44:52 2013 ( 6,131,670 bytes )
                       test_speech_from_phrase.log --- created/modified Fri Jan 11 18:34:04 2013 ( 854 bytes )



 get_externals.py started: 2013-01-25 20:11:21 C:\REPO COPY\gsbhmg01\lib\python\political_speech

 get_externals.py ended: 2013-01-25 20:11:21

 get_externals.py started: 2013-01-25 20:11:21 C:\REPO COPY\gsbhmg01\lib\python\political_speech
Note: not using filename externals.txt.


 get_externals.py ended: 2013-01-25 20:11:21


Execute:  python  "test_speech_from_phrase.py" 
A    C:\REPO COPY\gsbhmg01\lib\python\political_speech\code\gslab_make
A    C:\REPO COPY\gsbhmg01\lib\python\political_speech\code\gslab_make\test
A    C:\REPO COPY\gsbhmg01\lib\python\political_speech\code\gslab_make\test\input
A    C:\REPO COPY\gsbhmg01\lib\python\political_speech\code\gslab_make\test\input\externals_delete_all_files.txt
A    C:\REPO COPY\gsbhmg01\lib\python\political_speech\code\gslab_make\test\input\mathematica_init_script.m
A    C:\REPO COPY\gsbhmg01\lib\python\political_speech\code\gslab_make\test\input\R_test_script.R
A    C:\REPO COPY\gsbhmg01\lib\python\political_speech\code\gslab_make\test\input\lyx_test_file.lyx
A    C:\REPO COPY\gsbhmg01\lib\python\political_speech\code\gslab_make\test\input\test_data.txt
A    C:\REPO COPY\gsbhmg01\lib\python\political_speech\code\gslab_make\test\input\externals_delete_files.txt
A    C:\REPO COPY\gsbhmg01\lib\python\political_speech\code\gslab_make\test\input\externals_legal.txt
A    C:\REPO COPY\gsbhmg01\lib\python\political_speech\code\gslab_make\test\input\mathematica_test_script.m
A    C:\REPO COPY\gsbhmg01\lib\python\political_speech\code\gslab_make\test\input\python_test_script.py
A    C:\REPO COPY\gsbhmg01\lib\python\political_speech\code\gslab_make\test\input\R_test_script_error.R
A    C:\REPO COPY\gsbhmg01\lib\python\political_speech\code\gslab_make\test\input\sas_test_script.sas
A    C:\REPO COPY\gsbhmg01\lib\python\political_speech\code\gslab_make\test\input\perl_test_script.pl
A    C:\REPO COPY\gsbhmg01\lib\python\political_speech\code\gslab_make\test\input\stata_test_script_alt.do
A    C:\REPO COPY\gsbhmg01\lib\python\political_speech\code\gslab_make\test\input\stata_test_script.do
A    C:\REPO COPY\gsbhmg01\lib\python\political_speech\code\gslab_make\test\input\zip_test_file.zip
A    C:\REPO COPY\gsbhmg01\lib\python\political_speech\code\gslab_make\test\input\externals_stata_ado.txt
A    C:\REPO COPY\gsbhmg01\lib\python\political_speech\code\gslab_make\test\input\externals_list_directory.txt
A    C:\REPO COPY\gsbhmg01\lib\python\political_speech\code\gslab_make\test\input\rinstall_test_package
A    C:\REPO COPY\gsbhmg01\lib\python\political_speech\code\gslab_make\test\input\rinstall_test_package\Ecdat_0.1-6.1.tar.gz
A    C:\REPO COPY\gsbhmg01\lib\python\political_speech\code\gslab_make\test\input\externals_start_make_logging.txt
A    C:\REPO COPY\gsbhmg01\lib\python\political_speech\code\gslab_make\test\input\stc_test_script.stc
A    C:\REPO COPY\gsbhmg01\lib\python\political_speech\code\gslab_make\test\input\stcmd_test_script.stcmd
A    C:\REPO COPY\gsbhmg01\lib\python\political_speech\code\gslab_make\test\input\sas_test_script_error.sas
A    C:\REPO COPY\gsbhmg01\lib\python\political_speech\code\gslab_make\test\input\perl_test_script_error.pl
A    C:\REPO COPY\gsbhmg01\lib\python\political_speech\code\gslab_make\test\input\externals_illegal.txt
A    C:\REPO COPY\gsbhmg01\lib\python\political_speech\code\gslab_make\test\input\sas_test_script_nolst.sas
A    C:\REPO COPY\gsbhmg01\lib\python\political_speech\code\gslab_make\test\input\test_data.xls
A    C:\REPO COPY\gsbhmg01\lib\python\political_speech\code\gslab_make\test\input\matlab_test_script.m
A    C:\REPO COPY\gsbhmg01\lib\python\political_speech\code\gslab_make\test\nostderrout.py
A    C:\REPO COPY\gsbhmg01\lib\python\political_speech\code\gslab_make\test\run_all_tests.py
A    C:\REPO COPY\gsbhmg01\lib\python\political_speech\code\gslab_make\test\test_get_externals.py
A    C:\REPO COPY\gsbhmg01\lib\python\political_speech\code\gslab_make\test\test_run_program
A    C:\REPO COPY\gsbhmg01\lib\python\political_speech\code\gslab_make\test\test_run_program\test_run_sas.py
A    C:\REPO COPY\gsbhmg01\lib\python\political_speech\code\gslab_make\test\test_run_program\test_run_rinstall.py
A    C:\REPO COPY\gsbhmg01\lib\python\political_speech\code\gslab_make\test\test_run_program\test_run_stc.py
A    C:\REPO COPY\gsbhmg01\lib\python\political_speech\code\gslab_make\test\test_run_program\test_run_stcmd.py
A    C:\REPO COPY\gsbhmg01\lib\python\political_speech\code\gslab_make\test\test_run_program\__init__.py
A    C:\REPO COPY\gsbhmg01\lib\python\political_speech\code\gslab_make\test\test_run_program\test_run_lyx.py
A    C:\REPO COPY\gsbhmg01\lib\python\political_speech\code\gslab_make\test\test_run_program\test_run_stata.py
A    C:\REPO COPY\gsbhmg01\lib\python\political_speech\code\gslab_make\test\test_run_program\test_run_mathematica.py
A    C:\REPO COPY\gsbhmg01\lib\python\political_speech\code\gslab_make\test\test_run_program\test_run_command.py
A    C:\REPO COPY\gsbhmg01\lib\python\political_speech\code\gslab_make\test\test_run_program\test_run_matlab.py
A    C:\REPO COPY\gsbhmg01\lib\python\political_speech\code\gslab_make\test\test_run_program\test_run_python.py
A    C:\REPO COPY\gsbhmg01\lib\python\political_speech\code\gslab_make\test\test_run_program\test_run_perl.py
A    C:\REPO COPY\gsbhmg01\lib\python\political_speech\code\gslab_make\test\test_run_program\test_run_rbatch.py
A    C:\REPO COPY\gsbhmg01\lib\python\political_speech\code\gslab_make\test\test_dir_mod
A    C:\REPO COPY\gsbhmg01\lib\python\political_speech\code\gslab_make\test\test_dir_mod\test_delete_all_files.py
A    C:\REPO COPY\gsbhmg01\lib\python\political_speech\code\gslab_make\test\test_dir_mod\test_list_directory.py
A    C:\REPO COPY\gsbhmg01\lib\python\political_speech\code\gslab_make\test\test_dir_mod\__init__.py
A    C:\REPO COPY\gsbhmg01\lib\python\political_speech\code\gslab_make\test\test_dir_mod\test_check_manifest.py
A    C:\REPO COPY\gsbhmg01\lib\python\political_speech\code\gslab_make\test\test_dir_mod\test_delete_files.py
A    C:\REPO COPY\gsbhmg01\lib\python\political_speech\code\gslab_make\test\test_make_log
A    C:\REPO COPY\gsbhmg01\lib\python\political_speech\code\gslab_make\test\test_make_log\test_add_log.py
A    C:\REPO COPY\gsbhmg01\lib\python\political_speech\code\gslab_make\test\test_make_log\test_end_make_logging.py
A    C:\REPO COPY\gsbhmg01\lib\python\political_speech\code\gslab_make\test\test_make_log\__init__.py
A    C:\REPO COPY\gsbhmg01\lib\python\political_speech\code\gslab_make\test\test_make_log\test_start_make_logging.py
A    C:\REPO COPY\gsbhmg01\lib\python\political_speech\code\gslab_make\test\test_make_log\test_set_option.py
A    C:\REPO COPY\gsbhmg01\lib\python\political_speech\code\gslab_make\test\test_make_log\test_del_log.py
A    C:\REPO COPY\gsbhmg01\lib\python\political_speech\code\gslab_make\readme_getexternals.txt
A    C:\REPO COPY\gsbhmg01\lib\python\political_speech\code\gslab_make\log
A    C:\REPO COPY\gsbhmg01\lib\python\political_speech\code\gslab_make\log\test.log
A    C:\REPO COPY\gsbhmg01\lib\python\political_speech\code\gslab_make\log\make.log
A    C:\REPO COPY\gsbhmg01\lib\python\political_speech\code\gslab_make\make.py
A    C:\REPO COPY\gsbhmg01\lib\python\political_speech\code\gslab_make\__init__.py
A    C:\REPO COPY\gsbhmg01\lib\python\political_speech\code\gslab_make\py
A    C:\REPO COPY\gsbhmg01\lib\python\political_speech\code\gslab_make\py\run_program.py
A    C:\REPO COPY\gsbhmg01\lib\python\political_speech\code\gslab_make\py\dir_mod.py
A    C:\REPO COPY\gsbhmg01\lib\python\political_speech\code\gslab_make\py\make_log.py
A    C:\REPO COPY\gsbhmg01\lib\python\political_speech\code\gslab_make\py\__init__.py
A    C:\REPO COPY\gsbhmg01\lib\python\political_speech\code\gslab_make\py\private
A    C:\REPO COPY\gsbhmg01\lib\python\political_speech\code\gslab_make\py\private\runprogramdirective.py
A    C:\REPO COPY\gsbhmg01\lib\python\political_speech\code\gslab_make\py\private\exceptionclasses.py
A    C:\REPO COPY\gsbhmg01\lib\python\political_speech\code\gslab_make\py\private\__init__.py
A    C:\REPO COPY\gsbhmg01\lib\python\political_speech\code\gslab_make\py\private\metadata.py
A    C:\REPO COPY\gsbhmg01\lib\python\political_speech\code\gslab_make\py\private\preliminaries.py
A    C:\REPO COPY\gsbhmg01\lib\python\political_speech\code\gslab_make\py\private\getexternalsdirectives.py
A    C:\REPO COPY\gsbhmg01\lib\python\political_speech\code\gslab_make\py\private\messages.py
A    C:\REPO COPY\gsbhmg01\lib\python\political_speech\code\gslab_make\py\get_externals.py
A    C:\REPO COPY\gsbhmg01\lib\python\political_speech\code\gslab_make\readme_make.txt
Exported revision 18315.
A    temp_dir\external\lib\stata\gslab_misc
A    temp_dir\external\lib\stata\gslab_misc\test
A    temp_dir\external\lib\stata\gslab_misc\test\test_insert_tag.do
A    temp_dir\external\lib\stata\gslab_misc\test\test_preliminaries.do
A    temp_dir\external\lib\stata\gslab_misc\test\test_plotcoeffs.do
A    temp_dir\external\lib\stata\gslab_misc\test\test_check_key.do
A    temp_dir\external\lib\stata\gslab_misc\test\test_testbad.do
A    temp_dir\external\lib\stata\gslab_misc\test\test_save_data.do
A    temp_dir\external\lib\stata\gslab_misc\test\test_load_and_append.do
A    temp_dir\external\lib\stata\gslab_misc\test\test_testgood.do
A    temp_dir\external\lib\stata\gslab_misc\test\test_build_recode_template.do
A    temp_dir\external\lib\stata\gslab_misc\test\test_select_observations.do
A    temp_dir\external\lib\stata\gslab_misc\log
A    temp_dir\external\lib\stata\gslab_misc\log\make.log
A    temp_dir\external\lib\stata\gslab_misc\ado
A    temp_dir\external\lib\stata\gslab_misc\ado\nlcom_cumul.ado
A    temp_dir\external\lib\stata\gslab_misc\ado\genlistvar.ado
A    temp_dir\external\lib\stata\gslab_misc\ado\sortunique.ado
A    temp_dir\external\lib\stata\gslab_misc\ado\plotcoeffs_nolab.ado
A    temp_dir\external\lib\stata\gslab_misc\ado\ren_lab_file.hlp
A    temp_dir\external\lib\stata\gslab_misc\ado\rankunique.ado
A    temp_dir\external\lib\stata\gslab_misc\ado\loadglob.ado
A    temp_dir\external\lib\stata\gslab_misc\ado\plotcoeffs.hlp
A    temp_dir\external\lib\stata\gslab_misc\ado\matrix_to_txt.hlp
A    temp_dir\external\lib\stata\gslab_misc\ado\predict_list.ado
A    temp_dir\external\lib\stata\gslab_misc\ado\checkdta.hlp
A    temp_dir\external\lib\stata\gslab_misc\ado\testbad.ado
A    temp_dir\external\lib\stata\gslab_misc\ado\save_data.ado
A    temp_dir\external\lib\stata\gslab_misc\ado\load_and_append.ado
A    temp_dir\external\lib\stata\gslab_misc\ado\build_recode_template.hlp
A    temp_dir\external\lib\stata\gslab_misc\ado\ooo.ado
A    temp_dir\external\lib\stata\gslab_misc\ado\nlcom_cumul.hlp
A    temp_dir\external\lib\stata\gslab_misc\ado\sortunique.hlp
A    temp_dir\external\lib\stata\gslab_misc\ado\genlistvar.hlp
A    temp_dir\external\lib\stata\gslab_misc\ado\insert_tag.ado
A    temp_dir\external\lib\stata\gslab_misc\ado\dta_to_txt.sthlp
A    temp_dir\external\lib\stata\gslab_misc\ado\rankunique.hlp
A    temp_dir\external\lib\stata\gslab_misc\ado\preliminaries.ado
A    temp_dir\external\lib\stata\gslab_misc\ado\loadglob.hlp
A    temp_dir\external\lib\stata\gslab_misc\ado\predict_list.hlp
A    temp_dir\external\lib\stata\gslab_misc\ado\testbad.hlp
A    temp_dir\external\lib\stata\gslab_misc\ado\save_data.hlp
A    temp_dir\external\lib\stata\gslab_misc\ado\dummy_missings.ado
A    temp_dir\external\lib\stata\gslab_misc\ado\load_and_append.hlp
A    temp_dir\external\lib\stata\gslab_misc\ado\dta_to_txt.ado
A    temp_dir\external\lib\stata\gslab_misc\ado\mprint.ado
A    temp_dir\external\lib\stata\gslab_misc\ado\oooo.ado
A    temp_dir\external\lib\stata\gslab_misc\ado\ooo.hlp
A    temp_dir\external\lib\stata\gslab_misc\ado\multicollapse.ado
A    temp_dir\external\lib\stata\gslab_misc\ado\oo.ado
A    temp_dir\external\lib\stata\gslab_misc\ado\select_observations.ado
A    temp_dir\external\lib\stata\gslab_misc\ado\insert_tag.hlp
A    temp_dir\external\lib\stata\gslab_misc\ado\fillby.ado
A    temp_dir\external\lib\stata\gslab_misc\ado\preliminaries.hlp
A    temp_dir\external\lib\stata\gslab_misc\ado\leaveout.ado
A    temp_dir\external\lib\stata\gslab_misc\ado\check_key.ado
A    temp_dir\external\lib\stata\gslab_misc\ado\cutby.ado
A    temp_dir\external\lib\stata\gslab_misc\ado\dummy_missings.hlp
A    temp_dir\external\lib\stata\gslab_misc\ado\testgood.ado
A    temp_dir\external\lib\stata\gslab_misc\ado\mprint.hlp
A    temp_dir\external\lib\stata\gslab_misc\ado\benchmark.ado
A    temp_dir\external\lib\stata\gslab_misc\ado\oooo.hlp
A    temp_dir\external\lib\stata\gslab_misc\ado\multicollapse.hlp
A    temp_dir\external\lib\stata\gslab_misc\ado\oo.hlp
A    temp_dir\external\lib\stata\gslab_misc\ado\select_observations.hlp
A    temp_dir\external\lib\stata\gslab_misc\ado\fillby.hlp
A    temp_dir\external\lib\stata\gslab_misc\ado\ren_lab_file.ado
A    temp_dir\external\lib\stata\gslab_misc\ado\leaveout.hlp
A    temp_dir\external\lib\stata\gslab_misc\ado\plotcoeffs.ado
A    temp_dir\external\lib\stata\gslab_misc\ado\matrix_to_txt.ado
A    temp_dir\external\lib\stata\gslab_misc\ado\check_key.hlp
A    temp_dir\external\lib\stata\gslab_misc\ado\checkdta.do
A    temp_dir\external\lib\stata\gslab_misc\ado\cutby.hlp
A    temp_dir\external\lib\stata\gslab_misc\ado\testgood.hlp
A    temp_dir\external\lib\stata\gslab_misc\ado\benchmark.hlp
A    temp_dir\external\lib\stata\gslab_misc\ado\build_recode_template.ado
A    temp_dir\external\lib\stata\gslab_misc\ado\cf_mg.ado
A    temp_dir\external\lib\stata\gslab_misc\externals.txt
A    temp_dir\external\lib\stata\gslab_misc\make.py
A    temp_dir\external\lib\stata\gslab_misc\readme.txt
Exported revision 17963.
A    temp_dir\external\lib\third_party\stata_tools
A    temp_dir\external\lib\third_party\stata_tools\a
A    temp_dir\external\lib\third_party\stata_tools\a\appendfile.ado
A    temp_dir\external\lib\third_party\stata_tools\a\appendfile.hlp
A    temp_dir\external\lib\third_party\stata_tools\c
A    temp_dir\external\lib\third_party\stata_tools\c\cf2.ado
A    temp_dir\external\lib\third_party\stata_tools\c\cf2.hlp
A    temp_dir\external\lib\third_party\stata_tools\d
A    temp_dir\external\lib\third_party\stata_tools\d\dsconcat.ado
A    temp_dir\external\lib\third_party\stata_tools\d\defv.ado
A    temp_dir\external\lib\third_party\stata_tools\d\defv.hlp
A    temp_dir\external\lib\third_party\stata_tools\d\dsconcat.sthlp
A    temp_dir\external\lib\third_party\stata_tools\d\deg2rad.ado
A    temp_dir\external\lib\third_party\stata_tools\d\dups.ado
A    temp_dir\external\lib\third_party\stata_tools\d\dups.hlp
A    temp_dir\external\lib\third_party\stata_tools\e
A    temp_dir\external\lib\third_party\stata_tools\e\eq_g.hlp
A    temp_dir\external\lib\third_party\stata_tools\g
A    temp_dir\external\lib\third_party\stata_tools\g\gllas_yu.ado
A    temp_dir\external\lib\third_party\stata_tools\g\gllarob.ado
A    temp_dir\external\lib\third_party\stata_tools\g\gllam_ll.ado
A    temp_dir\external\lib\third_party\stata_tools\g\gllasim.ado
A    temp_dir\external\lib\third_party\stata_tools\g\gllasim.hlp
A    temp_dir\external\lib\third_party\stata_tools\g\gllamm.ado
A    temp_dir\external\lib\third_party\stata_tools\g\gllamm.hlp
A    temp_dir\external\lib\third_party\stata_tools\g\gllapred.ado
A    temp_dir\external\lib\third_party\stata_tools\g\gllapred.hlp
A    temp_dir\external\lib\third_party\stata_tools\l
A    temp_dir\external\lib\third_party\stata_tools\l\labmask.ado
A    temp_dir\external\lib\third_party\stata_tools\l\labmask.hlp
A    temp_dir\external\lib\third_party\stata_tools\m
A    temp_dir\external\lib\third_party\stata_tools\m\matvec.ado
A    temp_dir\external\lib\third_party\stata_tools\m\matvsort.ado
A    temp_dir\external\lib\third_party\stata_tools\m\matewmf.hlp
A    temp_dir\external\lib\third_party\stata_tools\m\mixlcov.ado
A    temp_dir\external\lib\third_party\stata_tools\m\mixlog_d1.ado
A    temp_dir\external\lib\third_party\stata_tools\m\mixlpred.ado
A    temp_dir\external\lib\third_party\stata_tools\m\matcorr.hlp
A    temp_dir\external\lib\third_party\stata_tools\m\matvech.ado
A    temp_dir\external\lib\third_party\stata_tools\m\matvtom.ado
A    temp_dir\external\lib\third_party\stata_tools\m\matselrc.hlp
A    temp_dir\external\lib\third_party\stata_tools\m\mmerge.hlp
A    temp_dir\external\lib\third_party\stata_tools\m\mixlogit.ado
A    temp_dir\external\lib\third_party\stata_tools\m\matvec.hlp
A    temp_dir\external\lib\third_party\stata_tools\m\matvsort.hlp
A    temp_dir\external\lib\third_party\stata_tools\m\matewmf.ado
A    temp_dir\external\lib\third_party\stata_tools\m\mixlbeta.ado
A    temp_dir\external\lib\third_party\stata_tools\m\matvtom.hlp
A    temp_dir\external\lib\third_party\stata_tools\m\matvech.hlp
A    temp_dir\external\lib\third_party\stata_tools\m\matcorr.ado
A    temp_dir\external\lib\third_party\stata_tools\m\matselrc.ado
A    temp_dir\external\lib\third_party\stata_tools\m\mixlogit.hlp
A    temp_dir\external\lib\third_party\stata_tools\m\mmerge.ado
A    temp_dir\external\lib\third_party\stata_tools\n
A    temp_dir\external\lib\third_party\stata_tools\n\nearmrg.sthlp
A    temp_dir\external\lib\third_party\stata_tools\n\nearmrg.ado
A    temp_dir\external\lib\third_party\stata_tools\o
A    temp_dir\external\lib\third_party\stata_tools\o\outreg2_prf.ado
A    temp_dir\external\lib\third_party\stata_tools\o\outreg2.ado
A    temp_dir\external\lib\third_party\stata_tools\o\outreg2.hlp
A    temp_dir\external\lib\third_party\stata_tools\p
A    temp_dir\external\lib\third_party\stata_tools\p\placevar.ado
A    temp_dir\external\lib\third_party\stata_tools\p\placevar.hlp
A    temp_dir\external\lib\third_party\stata_tools\r
A    temp_dir\external\lib\third_party\stata_tools\r\renamev.ado
A    temp_dir\external\lib\third_party\stata_tools\r\rensfix.ado
A    temp_dir\external\lib\third_party\stata_tools\r\rensfix.hlp
A    temp_dir\external\lib\third_party\stata_tools\r\renvars.ado
A    temp_dir\external\lib\third_party\stata_tools\r\renvars.hlp
A    temp_dir\external\lib\third_party\stata_tools\r\rmse.ado
A    temp_dir\external\lib\third_party\stata_tools\r\rmse.hlp
A    temp_dir\external\lib\third_party\stata_tools\r\remcor.ado
A    temp_dir\external\lib\third_party\stata_tools\s
A    temp_dir\external\lib\third_party\stata_tools\s\sjlog.ado
A    temp_dir\external\lib\third_party\stata_tools\s\sphdist.ado
A    temp_dir\external\lib\third_party\stata_tools\s\shellout.hlp
A    temp_dir\external\lib\third_party\stata_tools\s\seqvar.hlp
A    temp_dir\external\lib\third_party\stata_tools\s\svmatsv.hlp
A    temp_dir\external\lib\third_party\stata_tools\s\strparse.hlp
A    temp_dir\external\lib\third_party\stata_tools\s\seeout.hlp
A    temp_dir\external\lib\third_party\stata_tools\s\sjlatex.hlp
A    temp_dir\external\lib\third_party\stata_tools\s\split.ado
A    temp_dir\external\lib\third_party\stata_tools\s\svmat2.hlp
A    temp_dir\external\lib\third_party\stata_tools\s\sjlog.hlp
A    temp_dir\external\lib\third_party\stata_tools\s\sphdist.hlp
A    temp_dir\external\lib\third_party\stata_tools\s\shellout.ado
A    temp_dir\external\lib\third_party\stata_tools\s\seqvar.ado
A    temp_dir\external\lib\third_party\stata_tools\s\svmatsv.ado
A    temp_dir\external\lib\third_party\stata_tools\s\strparse.ado
A    temp_dir\external\lib\third_party\stata_tools\s\sjlog_7.ado
A    temp_dir\external\lib\third_party\stata_tools\s\seeout.ado
A    temp_dir\external\lib\third_party\stata_tools\s\sjlatex.ado
A    temp_dir\external\lib\third_party\stata_tools\s\split.hlp
A    temp_dir\external\lib\third_party\stata_tools\s\svmat2.ado
A    temp_dir\external\lib\third_party\stata_tools\u
A    temp_dir\external\lib\third_party\stata_tools\u\univstat.ado
A    temp_dir\external\lib\third_party\stata_tools\u\univstat.hlp
A    temp_dir\external\lib\third_party\stata_tools\u\unique.ado
A    temp_dir\external\lib\third_party\stata_tools\u\unique.hlp
A    temp_dir\external\lib\third_party\stata_tools\v
A    temp_dir\external\lib\third_party\stata_tools\v\vallist.ado
A    temp_dir\external\lib\third_party\stata_tools\v\vallist.hlp
A    temp_dir\external\lib\third_party\stata_tools\x
A    temp_dir\external\lib\third_party\stata_tools\x\xtivreg2_p.ado
A    temp_dir\external\lib\third_party\stata_tools\x\xtivreg2.ado
A    temp_dir\external\lib\third_party\stata_tools\x\xtivreg2.hlp
A    temp_dir\external\lib\third_party\stata_tools\readme.txt
Exported revision 17963.
A    temp_dir\external\stopWords.txt
Export complete.
A    temp_dir\external\counts\byspeech_2gram_060.txt
Export complete.
A    temp_dir\external\descr\descr_060.txt
Export complete.
A    temp_dir\external\speeches\speeches_060.txt
Export complete.
A    temp_dir\external\speakermap\060_SpeakerMap.txt
Export complete.

Start log file:  ./temp_dir/make.log


Executing:  %STATAEXE% /e do "C:\REPO COPY\gsbhmg01\lib\python\political_speech\code\get_info.do"


Executing:  perl  "C:\REPO COPY\gsbhmg01\lib\python\political_speech\code\add_speech_with_tag.pl" ../log

End log file:  ./temp_dir/make.log
A    C:\REPO COPY\gsbhmg01\lib\python\political_speech\code\gslab_make
A    C:\REPO COPY\gsbhmg01\lib\python\political_speech\code\gslab_make\test
A    C:\REPO COPY\gsbhmg01\lib\python\political_speech\code\gslab_make\test\input
A    C:\REPO COPY\gsbhmg01\lib\python\political_speech\code\gslab_make\test\input\externals_delete_all_files.txt
A    C:\REPO COPY\gsbhmg01\lib\python\political_speech\code\gslab_make\test\input\mathematica_init_script.m
A    C:\REPO COPY\gsbhmg01\lib\python\political_speech\code\gslab_make\test\input\R_test_script.R
A    C:\REPO COPY\gsbhmg01\lib\python\political_speech\code\gslab_make\test\input\lyx_test_file.lyx
A    C:\REPO COPY\gsbhmg01\lib\python\political_speech\code\gslab_make\test\input\test_data.txt
A    C:\REPO COPY\gsbhmg01\lib\python\political_speech\code\gslab_make\test\input\externals_delete_files.txt
A    C:\REPO COPY\gsbhmg01\lib\python\political_speech\code\gslab_make\test\input\externals_legal.txt
A    C:\REPO COPY\gsbhmg01\lib\python\political_speech\code\gslab_make\test\input\mathematica_test_script.m
A    C:\REPO COPY\gsbhmg01\lib\python\political_speech\code\gslab_make\test\input\python_test_script.py
A    C:\REPO COPY\gsbhmg01\lib\python\political_speech\code\gslab_make\test\input\R_test_script_error.R
A    C:\REPO COPY\gsbhmg01\lib\python\political_speech\code\gslab_make\test\input\sas_test_script.sas
A    C:\REPO COPY\gsbhmg01\lib\python\political_speech\code\gslab_make\test\input\perl_test_script.pl
A    C:\REPO COPY\gsbhmg01\lib\python\political_speech\code\gslab_make\test\input\stata_test_script_alt.do
A    C:\REPO COPY\gsbhmg01\lib\python\political_speech\code\gslab_make\test\input\stata_test_script.do
A    C:\REPO COPY\gsbhmg01\lib\python\political_speech\code\gslab_make\test\input\zip_test_file.zip
A    C:\REPO COPY\gsbhmg01\lib\python\political_speech\code\gslab_make\test\input\externals_stata_ado.txt
A    C:\REPO COPY\gsbhmg01\lib\python\political_speech\code\gslab_make\test\input\externals_list_directory.txt
A    C:\REPO COPY\gsbhmg01\lib\python\political_speech\code\gslab_make\test\input\rinstall_test_package
A    C:\REPO COPY\gsbhmg01\lib\python\political_speech\code\gslab_make\test\input\rinstall_test_package\Ecdat_0.1-6.1.tar.gz
A    C:\REPO COPY\gsbhmg01\lib\python\political_speech\code\gslab_make\test\input\externals_start_make_logging.txt
A    C:\REPO COPY\gsbhmg01\lib\python\political_speech\code\gslab_make\test\input\stc_test_script.stc
A    C:\REPO COPY\gsbhmg01\lib\python\political_speech\code\gslab_make\test\input\stcmd_test_script.stcmd
A    C:\REPO COPY\gsbhmg01\lib\python\political_speech\code\gslab_make\test\input\sas_test_script_error.sas
A    C:\REPO COPY\gsbhmg01\lib\python\political_speech\code\gslab_make\test\input\perl_test_script_error.pl
A    C:\REPO COPY\gsbhmg01\lib\python\political_speech\code\gslab_make\test\input\externals_illegal.txt
A    C:\REPO COPY\gsbhmg01\lib\python\political_speech\code\gslab_make\test\input\sas_test_script_nolst.sas
A    C:\REPO COPY\gsbhmg01\lib\python\political_speech\code\gslab_make\test\input\test_data.xls
A    C:\REPO COPY\gsbhmg01\lib\python\political_speech\code\gslab_make\test\input\matlab_test_script.m
A    C:\REPO COPY\gsbhmg01\lib\python\political_speech\code\gslab_make\test\nostderrout.py
A    C:\REPO COPY\gsbhmg01\lib\python\political_speech\code\gslab_make\test\run_all_tests.py
A    C:\REPO COPY\gsbhmg01\lib\python\political_speech\code\gslab_make\test\test_get_externals.py
A    C:\REPO COPY\gsbhmg01\lib\python\political_speech\code\gslab_make\test\test_run_program
A    C:\REPO COPY\gsbhmg01\lib\python\political_speech\code\gslab_make\test\test_run_program\test_run_sas.py
A    C:\REPO COPY\gsbhmg01\lib\python\political_speech\code\gslab_make\test\test_run_program\test_run_rinstall.py
A    C:\REPO COPY\gsbhmg01\lib\python\political_speech\code\gslab_make\test\test_run_program\test_run_stc.py
A    C:\REPO COPY\gsbhmg01\lib\python\political_speech\code\gslab_make\test\test_run_program\test_run_stcmd.py
A    C:\REPO COPY\gsbhmg01\lib\python\political_speech\code\gslab_make\test\test_run_program\__init__.py
A    C:\REPO COPY\gsbhmg01\lib\python\political_speech\code\gslab_make\test\test_run_program\test_run_lyx.py
A    C:\REPO COPY\gsbhmg01\lib\python\political_speech\code\gslab_make\test\test_run_program\test_run_stata.py
A    C:\REPO COPY\gsbhmg01\lib\python\political_speech\code\gslab_make\test\test_run_program\test_run_mathematica.py
A    C:\REPO COPY\gsbhmg01\lib\python\political_speech\code\gslab_make\test\test_run_program\test_run_command.py
A    C:\REPO COPY\gsbhmg01\lib\python\political_speech\code\gslab_make\test\test_run_program\test_run_matlab.py
A    C:\REPO COPY\gsbhmg01\lib\python\political_speech\code\gslab_make\test\test_run_program\test_run_python.py
A    C:\REPO COPY\gsbhmg01\lib\python\political_speech\code\gslab_make\test\test_run_program\test_run_perl.py
A    C:\REPO COPY\gsbhmg01\lib\python\political_speech\code\gslab_make\test\test_run_program\test_run_rbatch.py
A    C:\REPO COPY\gsbhmg01\lib\python\political_speech\code\gslab_make\test\test_dir_mod
A    C:\REPO COPY\gsbhmg01\lib\python\political_speech\code\gslab_make\test\test_dir_mod\test_delete_all_files.py
A    C:\REPO COPY\gsbhmg01\lib\python\political_speech\code\gslab_make\test\test_dir_mod\test_list_directory.py
A    C:\REPO COPY\gsbhmg01\lib\python\political_speech\code\gslab_make\test\test_dir_mod\__init__.py
A    C:\REPO COPY\gsbhmg01\lib\python\political_speech\code\gslab_make\test\test_dir_mod\test_check_manifest.py
A    C:\REPO COPY\gsbhmg01\lib\python\political_speech\code\gslab_make\test\test_dir_mod\test_delete_files.py
A    C:\REPO COPY\gsbhmg01\lib\python\political_speech\code\gslab_make\test\test_make_log
A    C:\REPO COPY\gsbhmg01\lib\python\political_speech\code\gslab_make\test\test_make_log\test_add_log.py
A    C:\REPO COPY\gsbhmg01\lib\python\political_speech\code\gslab_make\test\test_make_log\test_end_make_logging.py
A    C:\REPO COPY\gsbhmg01\lib\python\political_speech\code\gslab_make\test\test_make_log\__init__.py
A    C:\REPO COPY\gsbhmg01\lib\python\political_speech\code\gslab_make\test\test_make_log\test_start_make_logging.py
A    C:\REPO COPY\gsbhmg01\lib\python\political_speech\code\gslab_make\test\test_make_log\test_set_option.py
A    C:\REPO COPY\gsbhmg01\lib\python\political_speech\code\gslab_make\test\test_make_log\test_del_log.py
A    C:\REPO COPY\gsbhmg01\lib\python\political_speech\code\gslab_make\readme_getexternals.txt
A    C:\REPO COPY\gsbhmg01\lib\python\political_speech\code\gslab_make\log
A    C:\REPO COPY\gsbhmg01\lib\python\political_speech\code\gslab_make\log\test.log
A    C:\REPO COPY\gsbhmg01\lib\python\political_speech\code\gslab_make\log\make.log
A    C:\REPO COPY\gsbhmg01\lib\python\political_speech\code\gslab_make\make.py
A    C:\REPO COPY\gsbhmg01\lib\python\political_speech\code\gslab_make\__init__.py
A    C:\REPO COPY\gsbhmg01\lib\python\political_speech\code\gslab_make\py
A    C:\REPO COPY\gsbhmg01\lib\python\political_speech\code\gslab_make\py\run_program.py
A    C:\REPO COPY\gsbhmg01\lib\python\political_speech\code\gslab_make\py\dir_mod.py
A    C:\REPO COPY\gsbhmg01\lib\python\political_speech\code\gslab_make\py\make_log.py
A    C:\REPO COPY\gsbhmg01\lib\python\political_speech\code\gslab_make\py\__init__.py
A    C:\REPO COPY\gsbhmg01\lib\python\political_speech\code\gslab_make\py\private
A    C:\REPO COPY\gsbhmg01\lib\python\political_speech\code\gslab_make\py\private\runprogramdirective.py
A    C:\REPO COPY\gsbhmg01\lib\python\political_speech\code\gslab_make\py\private\exceptionclasses.py
A    C:\REPO COPY\gsbhmg01\lib\python\political_speech\code\gslab_make\py\private\__init__.py
A    C:\REPO COPY\gsbhmg01\lib\python\political_speech\code\gslab_make\py\private\metadata.py
A    C:\REPO COPY\gsbhmg01\lib\python\political_speech\code\gslab_make\py\private\preliminaries.py
A    C:\REPO COPY\gsbhmg01\lib\python\political_speech\code\gslab_make\py\private\getexternalsdirectives.py
A    C:\REPO COPY\gsbhmg01\lib\python\political_speech\code\gslab_make\py\private\messages.py
A    C:\REPO COPY\gsbhmg01\lib\python\political_speech\code\gslab_make\py\get_externals.py
A    C:\REPO COPY\gsbhmg01\lib\python\political_speech\code\gslab_make\readme_make.txt
Exported revision 18315.
A    temp_dir\external\lib\stata\gslab_misc
A    temp_dir\external\lib\stata\gslab_misc\test
A    temp_dir\external\lib\stata\gslab_misc\test\test_insert_tag.do
A    temp_dir\external\lib\stata\gslab_misc\test\test_preliminaries.do
A    temp_dir\external\lib\stata\gslab_misc\test\test_plotcoeffs.do
A    temp_dir\external\lib\stata\gslab_misc\test\test_check_key.do
A    temp_dir\external\lib\stata\gslab_misc\test\test_testbad.do
A    temp_dir\external\lib\stata\gslab_misc\test\test_save_data.do
A    temp_dir\external\lib\stata\gslab_misc\test\test_load_and_append.do
A    temp_dir\external\lib\stata\gslab_misc\test\test_testgood.do
A    temp_dir\external\lib\stata\gslab_misc\test\test_build_recode_template.do
A    temp_dir\external\lib\stata\gslab_misc\test\test_select_observations.do
A    temp_dir\external\lib\stata\gslab_misc\log
A    temp_dir\external\lib\stata\gslab_misc\log\make.log
A    temp_dir\external\lib\stata\gslab_misc\ado
A    temp_dir\external\lib\stata\gslab_misc\ado\nlcom_cumul.ado
A    temp_dir\external\lib\stata\gslab_misc\ado\genlistvar.ado
A    temp_dir\external\lib\stata\gslab_misc\ado\sortunique.ado
A    temp_dir\external\lib\stata\gslab_misc\ado\plotcoeffs_nolab.ado
A    temp_dir\external\lib\stata\gslab_misc\ado\ren_lab_file.hlp
A    temp_dir\external\lib\stata\gslab_misc\ado\rankunique.ado
A    temp_dir\external\lib\stata\gslab_misc\ado\loadglob.ado
A    temp_dir\external\lib\stata\gslab_misc\ado\plotcoeffs.hlp
A    temp_dir\external\lib\stata\gslab_misc\ado\matrix_to_txt.hlp
A    temp_dir\external\lib\stata\gslab_misc\ado\predict_list.ado
A    temp_dir\external\lib\stata\gslab_misc\ado\checkdta.hlp
A    temp_dir\external\lib\stata\gslab_misc\ado\testbad.ado
A    temp_dir\external\lib\stata\gslab_misc\ado\save_data.ado
A    temp_dir\external\lib\stata\gslab_misc\ado\load_and_append.ado
A    temp_dir\external\lib\stata\gslab_misc\ado\build_recode_template.hlp
A    temp_dir\external\lib\stata\gslab_misc\ado\ooo.ado
A    temp_dir\external\lib\stata\gslab_misc\ado\nlcom_cumul.hlp
A    temp_dir\external\lib\stata\gslab_misc\ado\sortunique.hlp
A    temp_dir\external\lib\stata\gslab_misc\ado\genlistvar.hlp
A    temp_dir\external\lib\stata\gslab_misc\ado\insert_tag.ado
A    temp_dir\external\lib\stata\gslab_misc\ado\dta_to_txt.sthlp
A    temp_dir\external\lib\stata\gslab_misc\ado\rankunique.hlp
A    temp_dir\external\lib\stata\gslab_misc\ado\preliminaries.ado
A    temp_dir\external\lib\stata\gslab_misc\ado\loadglob.hlp
A    temp_dir\external\lib\stata\gslab_misc\ado\predict_list.hlp
A    temp_dir\external\lib\stata\gslab_misc\ado\testbad.hlp
A    temp_dir\external\lib\stata\gslab_misc\ado\save_data.hlp
A    temp_dir\external\lib\stata\gslab_misc\ado\dummy_missings.ado
A    temp_dir\external\lib\stata\gslab_misc\ado\load_and_append.hlp
A    temp_dir\external\lib\stata\gslab_misc\ado\dta_to_txt.ado
A    temp_dir\external\lib\stata\gslab_misc\ado\mprint.ado
A    temp_dir\external\lib\stata\gslab_misc\ado\oooo.ado
A    temp_dir\external\lib\stata\gslab_misc\ado\ooo.hlp
A    temp_dir\external\lib\stata\gslab_misc\ado\multicollapse.ado
A    temp_dir\external\lib\stata\gslab_misc\ado\oo.ado
A    temp_dir\external\lib\stata\gslab_misc\ado\select_observations.ado
A    temp_dir\external\lib\stata\gslab_misc\ado\insert_tag.hlp
A    temp_dir\external\lib\stata\gslab_misc\ado\fillby.ado
A    temp_dir\external\lib\stata\gslab_misc\ado\preliminaries.hlp
A    temp_dir\external\lib\stata\gslab_misc\ado\leaveout.ado
A    temp_dir\external\lib\stata\gslab_misc\ado\check_key.ado
A    temp_dir\external\lib\stata\gslab_misc\ado\cutby.ado
A    temp_dir\external\lib\stata\gslab_misc\ado\dummy_missings.hlp
A    temp_dir\external\lib\stata\gslab_misc\ado\testgood.ado
A    temp_dir\external\lib\stata\gslab_misc\ado\mprint.hlp
A    temp_dir\external\lib\stata\gslab_misc\ado\benchmark.ado
A    temp_dir\external\lib\stata\gslab_misc\ado\oooo.hlp
A    temp_dir\external\lib\stata\gslab_misc\ado\multicollapse.hlp
A    temp_dir\external\lib\stata\gslab_misc\ado\oo.hlp
A    temp_dir\external\lib\stata\gslab_misc\ado\select_observations.hlp
A    temp_dir\external\lib\stata\gslab_misc\ado\fillby.hlp
A    temp_dir\external\lib\stata\gslab_misc\ado\ren_lab_file.ado
A    temp_dir\external\lib\stata\gslab_misc\ado\leaveout.hlp
A    temp_dir\external\lib\stata\gslab_misc\ado\plotcoeffs.ado
A    temp_dir\external\lib\stata\gslab_misc\ado\matrix_to_txt.ado
A    temp_dir\external\lib\stata\gslab_misc\ado\check_key.hlp
A    temp_dir\external\lib\stata\gslab_misc\ado\checkdta.do
A    temp_dir\external\lib\stata\gslab_misc\ado\cutby.hlp
A    temp_dir\external\lib\stata\gslab_misc\ado\testgood.hlp
A    temp_dir\external\lib\stata\gslab_misc\ado\benchmark.hlp
A    temp_dir\external\lib\stata\gslab_misc\ado\build_recode_template.ado
A    temp_dir\external\lib\stata\gslab_misc\ado\cf_mg.ado
A    temp_dir\external\lib\stata\gslab_misc\externals.txt
A    temp_dir\external\lib\stata\gslab_misc\make.py
A    temp_dir\external\lib\stata\gslab_misc\readme.txt
Exported revision 17963.
A    temp_dir\external\lib\third_party\stata_tools
A    temp_dir\external\lib\third_party\stata_tools\a
A    temp_dir\external\lib\third_party\stata_tools\a\appendfile.ado
A    temp_dir\external\lib\third_party\stata_tools\a\appendfile.hlp
A    temp_dir\external\lib\third_party\stata_tools\c
A    temp_dir\external\lib\third_party\stata_tools\c\cf2.ado
A    temp_dir\external\lib\third_party\stata_tools\c\cf2.hlp
A    temp_dir\external\lib\third_party\stata_tools\d
A    temp_dir\external\lib\third_party\stata_tools\d\dsconcat.ado
A    temp_dir\external\lib\third_party\stata_tools\d\defv.ado
A    temp_dir\external\lib\third_party\stata_tools\d\defv.hlp
A    temp_dir\external\lib\third_party\stata_tools\d\dsconcat.sthlp
A    temp_dir\external\lib\third_party\stata_tools\d\deg2rad.ado
A    temp_dir\external\lib\third_party\stata_tools\d\dups.ado
A    temp_dir\external\lib\third_party\stata_tools\d\dups.hlp
A    temp_dir\external\lib\third_party\stata_tools\e
A    temp_dir\external\lib\third_party\stata_tools\e\eq_g.hlp
A    temp_dir\external\lib\third_party\stata_tools\g
A    temp_dir\external\lib\third_party\stata_tools\g\gllas_yu.ado
A    temp_dir\external\lib\third_party\stata_tools\g\gllarob.ado
A    temp_dir\external\lib\third_party\stata_tools\g\gllam_ll.ado
A    temp_dir\external\lib\third_party\stata_tools\g\gllasim.ado
A    temp_dir\external\lib\third_party\stata_tools\g\gllasim.hlp
A    temp_dir\external\lib\third_party\stata_tools\g\gllamm.ado
A    temp_dir\external\lib\third_party\stata_tools\g\gllamm.hlp
A    temp_dir\external\lib\third_party\stata_tools\g\gllapred.ado
A    temp_dir\external\lib\third_party\stata_tools\g\gllapred.hlp
A    temp_dir\external\lib\third_party\stata_tools\l
A    temp_dir\external\lib\third_party\stata_tools\l\labmask.ado
A    temp_dir\external\lib\third_party\stata_tools\l\labmask.hlp
A    temp_dir\external\lib\third_party\stata_tools\m
A    temp_dir\external\lib\third_party\stata_tools\m\matvec.ado
A    temp_dir\external\lib\third_party\stata_tools\m\matvsort.ado
A    temp_dir\external\lib\third_party\stata_tools\m\matewmf.hlp
A    temp_dir\external\lib\third_party\stata_tools\m\mixlcov.ado
A    temp_dir\external\lib\third_party\stata_tools\m\mixlog_d1.ado
A    temp_dir\external\lib\third_party\stata_tools\m\mixlpred.ado
A    temp_dir\external\lib\third_party\stata_tools\m\matcorr.hlp
A    temp_dir\external\lib\third_party\stata_tools\m\matvech.ado
A    temp_dir\external\lib\third_party\stata_tools\m\matvtom.ado
A    temp_dir\external\lib\third_party\stata_tools\m\matselrc.hlp
A    temp_dir\external\lib\third_party\stata_tools\m\mmerge.hlp
A    temp_dir\external\lib\third_party\stata_tools\m\mixlogit.ado
A    temp_dir\external\lib\third_party\stata_tools\m\matvec.hlp
A    temp_dir\external\lib\third_party\stata_tools\m\matvsort.hlp
A    temp_dir\external\lib\third_party\stata_tools\m\matewmf.ado
A    temp_dir\external\lib\third_party\stata_tools\m\mixlbeta.ado
A    temp_dir\external\lib\third_party\stata_tools\m\matvtom.hlp
A    temp_dir\external\lib\third_party\stata_tools\m\matvech.hlp
A    temp_dir\external\lib\third_party\stata_tools\m\matcorr.ado
A    temp_dir\external\lib\third_party\stata_tools\m\matselrc.ado
A    temp_dir\external\lib\third_party\stata_tools\m\mixlogit.hlp
A    temp_dir\external\lib\third_party\stata_tools\m\mmerge.ado
A    temp_dir\external\lib\third_party\stata_tools\n
A    temp_dir\external\lib\third_party\stata_tools\n\nearmrg.sthlp
A    temp_dir\external\lib\third_party\stata_tools\n\nearmrg.ado
A    temp_dir\external\lib\third_party\stata_tools\o
A    temp_dir\external\lib\third_party\stata_tools\o\outreg2_prf.ado
A    temp_dir\external\lib\third_party\stata_tools\o\outreg2.ado
A    temp_dir\external\lib\third_party\stata_tools\o\outreg2.hlp
A    temp_dir\external\lib\third_party\stata_tools\p
A    temp_dir\external\lib\third_party\stata_tools\p\placevar.ado
A    temp_dir\external\lib\third_party\stata_tools\p\placevar.hlp
A    temp_dir\external\lib\third_party\stata_tools\r
A    temp_dir\external\lib\third_party\stata_tools\r\renamev.ado
A    temp_dir\external\lib\third_party\stata_tools\r\rensfix.ado
A    temp_dir\external\lib\third_party\stata_tools\r\rensfix.hlp
A    temp_dir\external\lib\third_party\stata_tools\r\renvars.ado
A    temp_dir\external\lib\third_party\stata_tools\r\renvars.hlp
A    temp_dir\external\lib\third_party\stata_tools\r\rmse.ado
A    temp_dir\external\lib\third_party\stata_tools\r\rmse.hlp
A    temp_dir\external\lib\third_party\stata_tools\r\remcor.ado
A    temp_dir\external\lib\third_party\stata_tools\s
A    temp_dir\external\lib\third_party\stata_tools\s\sjlog.ado
A    temp_dir\external\lib\third_party\stata_tools\s\sphdist.ado
A    temp_dir\external\lib\third_party\stata_tools\s\shellout.hlp
A    temp_dir\external\lib\third_party\stata_tools\s\seqvar.hlp
A    temp_dir\external\lib\third_party\stata_tools\s\svmatsv.hlp
A    temp_dir\external\lib\third_party\stata_tools\s\strparse.hlp
A    temp_dir\external\lib\third_party\stata_tools\s\seeout.hlp
A    temp_dir\external\lib\third_party\stata_tools\s\sjlatex.hlp
A    temp_dir\external\lib\third_party\stata_tools\s\split.ado
A    temp_dir\external\lib\third_party\stata_tools\s\svmat2.hlp
A    temp_dir\external\lib\third_party\stata_tools\s\sjlog.hlp
A    temp_dir\external\lib\third_party\stata_tools\s\sphdist.hlp
A    temp_dir\external\lib\third_party\stata_tools\s\shellout.ado
A    temp_dir\external\lib\third_party\stata_tools\s\seqvar.ado
A    temp_dir\external\lib\third_party\stata_tools\s\svmatsv.ado
A    temp_dir\external\lib\third_party\stata_tools\s\strparse.ado
A    temp_dir\external\lib\third_party\stata_tools\s\sjlog_7.ado
A    temp_dir\external\lib\third_party\stata_tools\s\seeout.ado
A    temp_dir\external\lib\third_party\stata_tools\s\sjlatex.ado
A    temp_dir\external\lib\third_party\stata_tools\s\split.hlp
A    temp_dir\external\lib\third_party\stata_tools\s\svmat2.ado
A    temp_dir\external\lib\third_party\stata_tools\u
A    temp_dir\external\lib\third_party\stata_tools\u\univstat.ado
A    temp_dir\external\lib\third_party\stata_tools\u\univstat.hlp
A    temp_dir\external\lib\third_party\stata_tools\u\unique.ado
A    temp_dir\external\lib\third_party\stata_tools\u\unique.hlp
A    temp_dir\external\lib\third_party\stata_tools\v
A    temp_dir\external\lib\third_party\stata_tools\v\vallist.ado
A    temp_dir\external\lib\third_party\stata_tools\v\vallist.hlp
A    temp_dir\external\lib\third_party\stata_tools\x
A    temp_dir\external\lib\third_party\stata_tools\x\xtivreg2_p.ado
A    temp_dir\external\lib\third_party\stata_tools\x\xtivreg2.ado
A    temp_dir\external\lib\third_party\stata_tools\x\xtivreg2.hlp
A    temp_dir\external\lib\third_party\stata_tools\readme.txt
Exported revision 17963.
A    temp_dir\external\stopWords.txt
Export complete.
A    temp_dir\external\counts\byspeech_2gram_104.txt
Export complete.
A    temp_dir\external\descr\descr_104.txt
Export complete.
A    temp_dir\external\speeches\speeches_104.txt
Export complete.
A    temp_dir\external\speakermap\104_SpeakerMap.txt
Export complete.

Start log file:  ./temp_dir/make.log


Executing:  %STATAEXE% /e do "C:\REPO COPY\gsbhmg01\lib\python\political_speech\code\get_info.do"


Executing:  perl  "C:\REPO COPY\gsbhmg01\lib\python\political_speech\code\add_speech_with_tag.pl" ../log

End log file:  ./temp_dir/make.log
A    C:\REPO COPY\gsbhmg01\lib\python\political_speech\code\gslab_make
A    C:\REPO COPY\gsbhmg01\lib\python\political_speech\code\gslab_make\test
A    C:\REPO COPY\gsbhmg01\lib\python\political_speech\code\gslab_make\test\input
A    C:\REPO COPY\gsbhmg01\lib\python\political_speech\code\gslab_make\test\input\externals_delete_all_files.txt
A    C:\REPO COPY\gsbhmg01\lib\python\political_speech\code\gslab_make\test\input\mathematica_init_script.m
A    C:\REPO COPY\gsbhmg01\lib\python\political_speech\code\gslab_make\test\input\R_test_script.R
A    C:\REPO COPY\gsbhmg01\lib\python\political_speech\code\gslab_make\test\input\lyx_test_file.lyx
A    C:\REPO COPY\gsbhmg01\lib\python\political_speech\code\gslab_make\test\input\test_data.txt
A    C:\REPO COPY\gsbhmg01\lib\python\political_speech\code\gslab_make\test\input\externals_delete_files.txt
A    C:\REPO COPY\gsbhmg01\lib\python\political_speech\code\gslab_make\test\input\externals_legal.txt
A    C:\REPO COPY\gsbhmg01\lib\python\political_speech\code\gslab_make\test\input\mathematica_test_script.m
A    C:\REPO COPY\gsbhmg01\lib\python\political_speech\code\gslab_make\test\input\python_test_script.py
A    C:\REPO COPY\gsbhmg01\lib\python\political_speech\code\gslab_make\test\input\R_test_script_error.R
A    C:\REPO COPY\gsbhmg01\lib\python\political_speech\code\gslab_make\test\input\sas_test_script.sas
A    C:\REPO COPY\gsbhmg01\lib\python\political_speech\code\gslab_make\test\input\perl_test_script.pl
A    C:\REPO COPY\gsbhmg01\lib\python\political_speech\code\gslab_make\test\input\stata_test_script_alt.do
A    C:\REPO COPY\gsbhmg01\lib\python\political_speech\code\gslab_make\test\input\stata_test_script.do
A    C:\REPO COPY\gsbhmg01\lib\python\political_speech\code\gslab_make\test\input\zip_test_file.zip
A    C:\REPO COPY\gsbhmg01\lib\python\political_speech\code\gslab_make\test\input\externals_stata_ado.txt
A    C:\REPO COPY\gsbhmg01\lib\python\political_speech\code\gslab_make\test\input\externals_list_directory.txt
A    C:\REPO COPY\gsbhmg01\lib\python\political_speech\code\gslab_make\test\input\rinstall_test_package
A    C:\REPO COPY\gsbhmg01\lib\python\political_speech\code\gslab_make\test\input\rinstall_test_package\Ecdat_0.1-6.1.tar.gz
A    C:\REPO COPY\gsbhmg01\lib\python\political_speech\code\gslab_make\test\input\externals_start_make_logging.txt
A    C:\REPO COPY\gsbhmg01\lib\python\political_speech\code\gslab_make\test\input\stc_test_script.stc
A    C:\REPO COPY\gsbhmg01\lib\python\political_speech\code\gslab_make\test\input\stcmd_test_script.stcmd
A    C:\REPO COPY\gsbhmg01\lib\python\political_speech\code\gslab_make\test\input\sas_test_script_error.sas
A    C:\REPO COPY\gsbhmg01\lib\python\political_speech\code\gslab_make\test\input\perl_test_script_error.pl
A    C:\REPO COPY\gsbhmg01\lib\python\political_speech\code\gslab_make\test\input\externals_illegal.txt
A    C:\REPO COPY\gsbhmg01\lib\python\political_speech\code\gslab_make\test\input\sas_test_script_nolst.sas
A    C:\REPO COPY\gsbhmg01\lib\python\political_speech\code\gslab_make\test\input\test_data.xls
A    C:\REPO COPY\gsbhmg01\lib\python\political_speech\code\gslab_make\test\input\matlab_test_script.m
A    C:\REPO COPY\gsbhmg01\lib\python\political_speech\code\gslab_make\test\nostderrout.py
A    C:\REPO COPY\gsbhmg01\lib\python\political_speech\code\gslab_make\test\run_all_tests.py
A    C:\REPO COPY\gsbhmg01\lib\python\political_speech\code\gslab_make\test\test_get_externals.py
A    C:\REPO COPY\gsbhmg01\lib\python\political_speech\code\gslab_make\test\test_run_program
A    C:\REPO COPY\gsbhmg01\lib\python\political_speech\code\gslab_make\test\test_run_program\test_run_sas.py
A    C:\REPO COPY\gsbhmg01\lib\python\political_speech\code\gslab_make\test\test_run_program\test_run_rinstall.py
A    C:\REPO COPY\gsbhmg01\lib\python\political_speech\code\gslab_make\test\test_run_program\test_run_stc.py
A    C:\REPO COPY\gsbhmg01\lib\python\political_speech\code\gslab_make\test\test_run_program\test_run_stcmd.py
A    C:\REPO COPY\gsbhmg01\lib\python\political_speech\code\gslab_make\test\test_run_program\__init__.py
A    C:\REPO COPY\gsbhmg01\lib\python\political_speech\code\gslab_make\test\test_run_program\test_run_lyx.py
A    C:\REPO COPY\gsbhmg01\lib\python\political_speech\code\gslab_make\test\test_run_program\test_run_stata.py
A    C:\REPO COPY\gsbhmg01\lib\python\political_speech\code\gslab_make\test\test_run_program\test_run_mathematica.py
A    C:\REPO COPY\gsbhmg01\lib\python\political_speech\code\gslab_make\test\test_run_program\test_run_command.py
A    C:\REPO COPY\gsbhmg01\lib\python\political_speech\code\gslab_make\test\test_run_program\test_run_matlab.py
A    C:\REPO COPY\gsbhmg01\lib\python\political_speech\code\gslab_make\test\test_run_program\test_run_python.py
A    C:\REPO COPY\gsbhmg01\lib\python\political_speech\code\gslab_make\test\test_run_program\test_run_perl.py
A    C:\REPO COPY\gsbhmg01\lib\python\political_speech\code\gslab_make\test\test_run_program\test_run_rbatch.py
A    C:\REPO COPY\gsbhmg01\lib\python\political_speech\code\gslab_make\test\test_dir_mod
A    C:\REPO COPY\gsbhmg01\lib\python\political_speech\code\gslab_make\test\test_dir_mod\test_delete_all_files.py
A    C:\REPO COPY\gsbhmg01\lib\python\political_speech\code\gslab_make\test\test_dir_mod\test_list_directory.py
A    C:\REPO COPY\gsbhmg01\lib\python\political_speech\code\gslab_make\test\test_dir_mod\__init__.py
A    C:\REPO COPY\gsbhmg01\lib\python\political_speech\code\gslab_make\test\test_dir_mod\test_check_manifest.py
A    C:\REPO COPY\gsbhmg01\lib\python\political_speech\code\gslab_make\test\test_dir_mod\test_delete_files.py
A    C:\REPO COPY\gsbhmg01\lib\python\political_speech\code\gslab_make\test\test_make_log
A    C:\REPO COPY\gsbhmg01\lib\python\political_speech\code\gslab_make\test\test_make_log\test_add_log.py
A    C:\REPO COPY\gsbhmg01\lib\python\political_speech\code\gslab_make\test\test_make_log\test_end_make_logging.py
A    C:\REPO COPY\gsbhmg01\lib\python\political_speech\code\gslab_make\test\test_make_log\__init__.py
A    C:\REPO COPY\gsbhmg01\lib\python\political_speech\code\gslab_make\test\test_make_log\test_start_make_logging.py
A    C:\REPO COPY\gsbhmg01\lib\python\political_speech\code\gslab_make\test\test_make_log\test_set_option.py
A    C:\REPO COPY\gsbhmg01\lib\python\political_speech\code\gslab_make\test\test_make_log\test_del_log.py
A    C:\REPO COPY\gsbhmg01\lib\python\political_speech\code\gslab_make\readme_getexternals.txt
A    C:\REPO COPY\gsbhmg01\lib\python\political_speech\code\gslab_make\log
A    C:\REPO COPY\gsbhmg01\lib\python\political_speech\code\gslab_make\log\test.log
A    C:\REPO COPY\gsbhmg01\lib\python\political_speech\code\gslab_make\log\make.log
A    C:\REPO COPY\gsbhmg01\lib\python\political_speech\code\gslab_make\make.py
A    C:\REPO COPY\gsbhmg01\lib\python\political_speech\code\gslab_make\__init__.py
A    C:\REPO COPY\gsbhmg01\lib\python\political_speech\code\gslab_make\py
A    C:\REPO COPY\gsbhmg01\lib\python\political_speech\code\gslab_make\py\run_program.py
A    C:\REPO COPY\gsbhmg01\lib\python\political_speech\code\gslab_make\py\dir_mod.py
A    C:\REPO COPY\gsbhmg01\lib\python\political_speech\code\gslab_make\py\make_log.py
A    C:\REPO COPY\gsbhmg01\lib\python\political_speech\code\gslab_make\py\__init__.py
A    C:\REPO COPY\gsbhmg01\lib\python\political_speech\code\gslab_make\py\private
A    C:\REPO COPY\gsbhmg01\lib\python\political_speech\code\gslab_make\py\private\runprogramdirective.py
A    C:\REPO COPY\gsbhmg01\lib\python\political_speech\code\gslab_make\py\private\exceptionclasses.py
A    C:\REPO COPY\gsbhmg01\lib\python\political_speech\code\gslab_make\py\private\__init__.py
A    C:\REPO COPY\gsbhmg01\lib\python\political_speech\code\gslab_make\py\private\metadata.py
A    C:\REPO COPY\gsbhmg01\lib\python\political_speech\code\gslab_make\py\private\preliminaries.py
A    C:\REPO COPY\gsbhmg01\lib\python\political_speech\code\gslab_make\py\private\getexternalsdirectives.py
A    C:\REPO COPY\gsbhmg01\lib\python\political_speech\code\gslab_make\py\private\messages.py
A    C:\REPO COPY\gsbhmg01\lib\python\political_speech\code\gslab_make\py\get_externals.py
A    C:\REPO COPY\gsbhmg01\lib\python\political_speech\code\gslab_make\readme_make.txt
Exported revision 18315.
Error: Please make sure to enter all arguments.
Arguments should be, in order: "[phrase search]" [session] "[output_dir]" "[LN/GPO]".
"[output_dir]" argument is optional - the default is "../output".
"[LN/GPO]" argument is only meaningful when session = 104: type of Congressional Record data.
A    C:\REPO COPY\gsbhmg01\lib\python\political_speech\code\gslab_make
A    C:\REPO COPY\gsbhmg01\lib\python\political_speech\code\gslab_make\test
A    C:\REPO COPY\gsbhmg01\lib\python\political_speech\code\gslab_make\test\input
A    C:\REPO COPY\gsbhmg01\lib\python\political_speech\code\gslab_make\test\input\externals_delete_all_files.txt
A    C:\REPO COPY\gsbhmg01\lib\python\political_speech\code\gslab_make\test\input\mathematica_init_script.m
A    C:\REPO COPY\gsbhmg01\lib\python\political_speech\code\gslab_make\test\input\R_test_script.R
A    C:\REPO COPY\gsbhmg01\lib\python\political_speech\code\gslab_make\test\input\lyx_test_file.lyx
A    C:\REPO COPY\gsbhmg01\lib\python\political_speech\code\gslab_make\test\input\test_data.txt
A    C:\REPO COPY\gsbhmg01\lib\python\political_speech\code\gslab_make\test\input\externals_delete_files.txt
A    C:\REPO COPY\gsbhmg01\lib\python\political_speech\code\gslab_make\test\input\externals_legal.txt
A    C:\REPO COPY\gsbhmg01\lib\python\political_speech\code\gslab_make\test\input\mathematica_test_script.m
A    C:\REPO COPY\gsbhmg01\lib\python\political_speech\code\gslab_make\test\input\python_test_script.py
A    C:\REPO COPY\gsbhmg01\lib\python\political_speech\code\gslab_make\test\input\R_test_script_error.R
A    C:\REPO COPY\gsbhmg01\lib\python\political_speech\code\gslab_make\test\input\sas_test_script.sas
A    C:\REPO COPY\gsbhmg01\lib\python\political_speech\code\gslab_make\test\input\perl_test_script.pl
A    C:\REPO COPY\gsbhmg01\lib\python\political_speech\code\gslab_make\test\input\stata_test_script_alt.do
A    C:\REPO COPY\gsbhmg01\lib\python\political_speech\code\gslab_make\test\input\stata_test_script.do
A    C:\REPO COPY\gsbhmg01\lib\python\political_speech\code\gslab_make\test\input\zip_test_file.zip
A    C:\REPO COPY\gsbhmg01\lib\python\political_speech\code\gslab_make\test\input\externals_stata_ado.txt
A    C:\REPO COPY\gsbhmg01\lib\python\political_speech\code\gslab_make\test\input\externals_list_directory.txt
A    C:\REPO COPY\gsbhmg01\lib\python\political_speech\code\gslab_make\test\input\rinstall_test_package
A    C:\REPO COPY\gsbhmg01\lib\python\political_speech\code\gslab_make\test\input\rinstall_test_package\Ecdat_0.1-6.1.tar.gz
A    C:\REPO COPY\gsbhmg01\lib\python\political_speech\code\gslab_make\test\input\externals_start_make_logging.txt
A    C:\REPO COPY\gsbhmg01\lib\python\political_speech\code\gslab_make\test\input\stc_test_script.stc
A    C:\REPO COPY\gsbhmg01\lib\python\political_speech\code\gslab_make\test\input\stcmd_test_script.stcmd
A    C:\REPO COPY\gsbhmg01\lib\python\political_speech\code\gslab_make\test\input\sas_test_script_error.sas
A    C:\REPO COPY\gsbhmg01\lib\python\political_speech\code\gslab_make\test\input\perl_test_script_error.pl
A    C:\REPO COPY\gsbhmg01\lib\python\political_speech\code\gslab_make\test\input\externals_illegal.txt
A    C:\REPO COPY\gsbhmg01\lib\python\political_speech\code\gslab_make\test\input\sas_test_script_nolst.sas
A    C:\REPO COPY\gsbhmg01\lib\python\political_speech\code\gslab_make\test\input\test_data.xls
A    C:\REPO COPY\gsbhmg01\lib\python\political_speech\code\gslab_make\test\input\matlab_test_script.m
A    C:\REPO COPY\gsbhmg01\lib\python\political_speech\code\gslab_make\test\nostderrout.py
A    C:\REPO COPY\gsbhmg01\lib\python\political_speech\code\gslab_make\test\run_all_tests.py
A    C:\REPO COPY\gsbhmg01\lib\python\political_speech\code\gslab_make\test\test_get_externals.py
A    C:\REPO COPY\gsbhmg01\lib\python\political_speech\code\gslab_make\test\test_run_program
A    C:\REPO COPY\gsbhmg01\lib\python\political_speech\code\gslab_make\test\test_run_program\test_run_sas.py
A    C:\REPO COPY\gsbhmg01\lib\python\political_speech\code\gslab_make\test\test_run_program\test_run_rinstall.py
A    C:\REPO COPY\gsbhmg01\lib\python\political_speech\code\gslab_make\test\test_run_program\test_run_stc.py
A    C:\REPO COPY\gsbhmg01\lib\python\political_speech\code\gslab_make\test\test_run_program\test_run_stcmd.py
A    C:\REPO COPY\gsbhmg01\lib\python\political_speech\code\gslab_make\test\test_run_program\__init__.py
A    C:\REPO COPY\gsbhmg01\lib\python\political_speech\code\gslab_make\test\test_run_program\test_run_lyx.py
A    C:\REPO COPY\gsbhmg01\lib\python\political_speech\code\gslab_make\test\test_run_program\test_run_stata.py
A    C:\REPO COPY\gsbhmg01\lib\python\political_speech\code\gslab_make\test\test_run_program\test_run_mathematica.py
A    C:\REPO COPY\gsbhmg01\lib\python\political_speech\code\gslab_make\test\test_run_program\test_run_command.py
A    C:\REPO COPY\gsbhmg01\lib\python\political_speech\code\gslab_make\test\test_run_program\test_run_matlab.py
A    C:\REPO COPY\gsbhmg01\lib\python\political_speech\code\gslab_make\test\test_run_program\test_run_python.py
A    C:\REPO COPY\gsbhmg01\lib\python\political_speech\code\gslab_make\test\test_run_program\test_run_perl.py
A    C:\REPO COPY\gsbhmg01\lib\python\political_speech\code\gslab_make\test\test_run_program\test_run_rbatch.py
A    C:\REPO COPY\gsbhmg01\lib\python\political_speech\code\gslab_make\test\test_dir_mod
A    C:\REPO COPY\gsbhmg01\lib\python\political_speech\code\gslab_make\test\test_dir_mod\test_delete_all_files.py
A    C:\REPO COPY\gsbhmg01\lib\python\political_speech\code\gslab_make\test\test_dir_mod\test_list_directory.py
A    C:\REPO COPY\gsbhmg01\lib\python\political_speech\code\gslab_make\test\test_dir_mod\__init__.py
A    C:\REPO COPY\gsbhmg01\lib\python\political_speech\code\gslab_make\test\test_dir_mod\test_check_manifest.py
A    C:\REPO COPY\gsbhmg01\lib\python\political_speech\code\gslab_make\test\test_dir_mod\test_delete_files.py
A    C:\REPO COPY\gsbhmg01\lib\python\political_speech\code\gslab_make\test\test_make_log
A    C:\REPO COPY\gsbhmg01\lib\python\political_speech\code\gslab_make\test\test_make_log\test_add_log.py
A    C:\REPO COPY\gsbhmg01\lib\python\political_speech\code\gslab_make\test\test_make_log\test_end_make_logging.py
A    C:\REPO COPY\gsbhmg01\lib\python\political_speech\code\gslab_make\test\test_make_log\__init__.py
A    C:\REPO COPY\gsbhmg01\lib\python\political_speech\code\gslab_make\test\test_make_log\test_start_make_logging.py
A    C:\REPO COPY\gsbhmg01\lib\python\political_speech\code\gslab_make\test\test_make_log\test_set_option.py
A    C:\REPO COPY\gsbhmg01\lib\python\political_speech\code\gslab_make\test\test_make_log\test_del_log.py
A    C:\REPO COPY\gsbhmg01\lib\python\political_speech\code\gslab_make\readme_getexternals.txt
A    C:\REPO COPY\gsbhmg01\lib\python\political_speech\code\gslab_make\log
A    C:\REPO COPY\gsbhmg01\lib\python\political_speech\code\gslab_make\log\test.log
A    C:\REPO COPY\gsbhmg01\lib\python\political_speech\code\gslab_make\log\make.log
A    C:\REPO COPY\gsbhmg01\lib\python\political_speech\code\gslab_make\make.py
A    C:\REPO COPY\gsbhmg01\lib\python\political_speech\code\gslab_make\__init__.py
A    C:\REPO COPY\gsbhmg01\lib\python\political_speech\code\gslab_make\py
A    C:\REPO COPY\gsbhmg01\lib\python\political_speech\code\gslab_make\py\run_program.py
A    C:\REPO COPY\gsbhmg01\lib\python\political_speech\code\gslab_make\py\dir_mod.py
A    C:\REPO COPY\gsbhmg01\lib\python\political_speech\code\gslab_make\py\make_log.py
A    C:\REPO COPY\gsbhmg01\lib\python\political_speech\code\gslab_make\py\__init__.py
A    C:\REPO COPY\gsbhmg01\lib\python\political_speech\code\gslab_make\py\private
A    C:\REPO COPY\gsbhmg01\lib\python\political_speech\code\gslab_make\py\private\runprogramdirective.py
A    C:\REPO COPY\gsbhmg01\lib\python\political_speech\code\gslab_make\py\private\exceptionclasses.py
A    C:\REPO COPY\gsbhmg01\lib\python\political_speech\code\gslab_make\py\private\__init__.py
A    C:\REPO COPY\gsbhmg01\lib\python\political_speech\code\gslab_make\py\private\metadata.py
A    C:\REPO COPY\gsbhmg01\lib\python\political_speech\code\gslab_make\py\private\preliminaries.py
A    C:\REPO COPY\gsbhmg01\lib\python\political_speech\code\gslab_make\py\private\getexternalsdirectives.py
A    C:\REPO COPY\gsbhmg01\lib\python\political_speech\code\gslab_make\py\private\messages.py
A    C:\REPO COPY\gsbhmg01\lib\python\political_speech\code\gslab_make\py\get_externals.py
A    C:\REPO COPY\gsbhmg01\lib\python\political_speech\code\gslab_make\readme_make.txt
Exported revision 18315.
The third argument should be an existing output directory.
A    C:\REPO COPY\gsbhmg01\lib\python\political_speech\code\gslab_make
A    C:\REPO COPY\gsbhmg01\lib\python\political_speech\code\gslab_make\test
A    C:\REPO COPY\gsbhmg01\lib\python\political_speech\code\gslab_make\test\input
A    C:\REPO COPY\gsbhmg01\lib\python\political_speech\code\gslab_make\test\input\externals_delete_all_files.txt
A    C:\REPO COPY\gsbhmg01\lib\python\political_speech\code\gslab_make\test\input\mathematica_init_script.m
A    C:\REPO COPY\gsbhmg01\lib\python\political_speech\code\gslab_make\test\input\R_test_script.R
A    C:\REPO COPY\gsbhmg01\lib\python\political_speech\code\gslab_make\test\input\lyx_test_file.lyx
A    C:\REPO COPY\gsbhmg01\lib\python\political_speech\code\gslab_make\test\input\test_data.txt
A    C:\REPO COPY\gsbhmg01\lib\python\political_speech\code\gslab_make\test\input\externals_delete_files.txt
A    C:\REPO COPY\gsbhmg01\lib\python\political_speech\code\gslab_make\test\input\externals_legal.txt
A    C:\REPO COPY\gsbhmg01\lib\python\political_speech\code\gslab_make\test\input\mathematica_test_script.m
A    C:\REPO COPY\gsbhmg01\lib\python\political_speech\code\gslab_make\test\input\python_test_script.py
A    C:\REPO COPY\gsbhmg01\lib\python\political_speech\code\gslab_make\test\input\R_test_script_error.R
A    C:\REPO COPY\gsbhmg01\lib\python\political_speech\code\gslab_make\test\input\sas_test_script.sas
A    C:\REPO COPY\gsbhmg01\lib\python\political_speech\code\gslab_make\test\input\perl_test_script.pl
A    C:\REPO COPY\gsbhmg01\lib\python\political_speech\code\gslab_make\test\input\stata_test_script_alt.do
A    C:\REPO COPY\gsbhmg01\lib\python\political_speech\code\gslab_make\test\input\stata_test_script.do
A    C:\REPO COPY\gsbhmg01\lib\python\political_speech\code\gslab_make\test\input\zip_test_file.zip
A    C:\REPO COPY\gsbhmg01\lib\python\political_speech\code\gslab_make\test\input\externals_stata_ado.txt
A    C:\REPO COPY\gsbhmg01\lib\python\political_speech\code\gslab_make\test\input\externals_list_directory.txt
A    C:\REPO COPY\gsbhmg01\lib\python\political_speech\code\gslab_make\test\input\rinstall_test_package
A    C:\REPO COPY\gsbhmg01\lib\python\political_speech\code\gslab_make\test\input\rinstall_test_package\Ecdat_0.1-6.1.tar.gz
A    C:\REPO COPY\gsbhmg01\lib\python\political_speech\code\gslab_make\test\input\externals_start_make_logging.txt
A    C:\REPO COPY\gsbhmg01\lib\python\political_speech\code\gslab_make\test\input\stc_test_script.stc
A    C:\REPO COPY\gsbhmg01\lib\python\political_speech\code\gslab_make\test\input\stcmd_test_script.stcmd
A    C:\REPO COPY\gsbhmg01\lib\python\political_speech\code\gslab_make\test\input\sas_test_script_error.sas
A    C:\REPO COPY\gsbhmg01\lib\python\political_speech\code\gslab_make\test\input\perl_test_script_error.pl
A    C:\REPO COPY\gsbhmg01\lib\python\political_speech\code\gslab_make\test\input\externals_illegal.txt
A    C:\REPO COPY\gsbhmg01\lib\python\political_speech\code\gslab_make\test\input\sas_test_script_nolst.sas
A    C:\REPO COPY\gsbhmg01\lib\python\political_speech\code\gslab_make\test\input\test_data.xls
A    C:\REPO COPY\gsbhmg01\lib\python\political_speech\code\gslab_make\test\input\matlab_test_script.m
A    C:\REPO COPY\gsbhmg01\lib\python\political_speech\code\gslab_make\test\nostderrout.py
A    C:\REPO COPY\gsbhmg01\lib\python\political_speech\code\gslab_make\test\run_all_tests.py
A    C:\REPO COPY\gsbhmg01\lib\python\political_speech\code\gslab_make\test\test_get_externals.py
A    C:\REPO COPY\gsbhmg01\lib\python\political_speech\code\gslab_make\test\test_run_program
A    C:\REPO COPY\gsbhmg01\lib\python\political_speech\code\gslab_make\test\test_run_program\test_run_sas.py
A    C:\REPO COPY\gsbhmg01\lib\python\political_speech\code\gslab_make\test\test_run_program\test_run_rinstall.py
A    C:\REPO COPY\gsbhmg01\lib\python\political_speech\code\gslab_make\test\test_run_program\test_run_stc.py
A    C:\REPO COPY\gsbhmg01\lib\python\political_speech\code\gslab_make\test\test_run_program\test_run_stcmd.py
A    C:\REPO COPY\gsbhmg01\lib\python\political_speech\code\gslab_make\test\test_run_program\__init__.py
A    C:\REPO COPY\gsbhmg01\lib\python\political_speech\code\gslab_make\test\test_run_program\test_run_lyx.py
A    C:\REPO COPY\gsbhmg01\lib\python\political_speech\code\gslab_make\test\test_run_program\test_run_stata.py
A    C:\REPO COPY\gsbhmg01\lib\python\political_speech\code\gslab_make\test\test_run_program\test_run_mathematica.py
A    C:\REPO COPY\gsbhmg01\lib\python\political_speech\code\gslab_make\test\test_run_program\test_run_command.py
A    C:\REPO COPY\gsbhmg01\lib\python\political_speech\code\gslab_make\test\test_run_program\test_run_matlab.py
A    C:\REPO COPY\gsbhmg01\lib\python\political_speech\code\gslab_make\test\test_run_program\test_run_python.py
A    C:\REPO COPY\gsbhmg01\lib\python\political_speech\code\gslab_make\test\test_run_program\test_run_perl.py
A    C:\REPO COPY\gsbhmg01\lib\python\political_speech\code\gslab_make\test\test_run_program\test_run_rbatch.py
A    C:\REPO COPY\gsbhmg01\lib\python\political_speech\code\gslab_make\test\test_dir_mod
A    C:\REPO COPY\gsbhmg01\lib\python\political_speech\code\gslab_make\test\test_dir_mod\test_delete_all_files.py
A    C:\REPO COPY\gsbhmg01\lib\python\political_speech\code\gslab_make\test\test_dir_mod\test_list_directory.py
A    C:\REPO COPY\gsbhmg01\lib\python\political_speech\code\gslab_make\test\test_dir_mod\__init__.py
A    C:\REPO COPY\gsbhmg01\lib\python\political_speech\code\gslab_make\test\test_dir_mod\test_check_manifest.py
A    C:\REPO COPY\gsbhmg01\lib\python\political_speech\code\gslab_make\test\test_dir_mod\test_delete_files.py
A    C:\REPO COPY\gsbhmg01\lib\python\political_speech\code\gslab_make\test\test_make_log
A    C:\REPO COPY\gsbhmg01\lib\python\political_speech\code\gslab_make\test\test_make_log\test_add_log.py
A    C:\REPO COPY\gsbhmg01\lib\python\political_speech\code\gslab_make\test\test_make_log\test_end_make_logging.py
A    C:\REPO COPY\gsbhmg01\lib\python\political_speech\code\gslab_make\test\test_make_log\__init__.py
A    C:\REPO COPY\gsbhmg01\lib\python\political_speech\code\gslab_make\test\test_make_log\test_start_make_logging.py
A    C:\REPO COPY\gsbhmg01\lib\python\political_speech\code\gslab_make\test\test_make_log\test_set_option.py
A    C:\REPO COPY\gsbhmg01\lib\python\political_speech\code\gslab_make\test\test_make_log\test_del_log.py
A    C:\REPO COPY\gsbhmg01\lib\python\political_speech\code\gslab_make\readme_getexternals.txt
A    C:\REPO COPY\gsbhmg01\lib\python\political_speech\code\gslab_make\log
A    C:\REPO COPY\gsbhmg01\lib\python\political_speech\code\gslab_make\log\test.log
A    C:\REPO COPY\gsbhmg01\lib\python\political_speech\code\gslab_make\log\make.log
A    C:\REPO COPY\gsbhmg01\lib\python\political_speech\code\gslab_make\make.py
A    C:\REPO COPY\gsbhmg01\lib\python\political_speech\code\gslab_make\__init__.py
A    C:\REPO COPY\gsbhmg01\lib\python\political_speech\code\gslab_make\py
A    C:\REPO COPY\gsbhmg01\lib\python\political_speech\code\gslab_make\py\run_program.py
A    C:\REPO COPY\gsbhmg01\lib\python\political_speech\code\gslab_make\py\dir_mod.py
A    C:\REPO COPY\gsbhmg01\lib\python\political_speech\code\gslab_make\py\make_log.py
A    C:\REPO COPY\gsbhmg01\lib\python\political_speech\code\gslab_make\py\__init__.py
A    C:\REPO COPY\gsbhmg01\lib\python\political_speech\code\gslab_make\py\private
A    C:\REPO COPY\gsbhmg01\lib\python\political_speech\code\gslab_make\py\private\runprogramdirective.py
A    C:\REPO COPY\gsbhmg01\lib\python\political_speech\code\gslab_make\py\private\exceptionclasses.py
A    C:\REPO COPY\gsbhmg01\lib\python\political_speech\code\gslab_make\py\private\__init__.py
A    C:\REPO COPY\gsbhmg01\lib\python\political_speech\code\gslab_make\py\private\metadata.py
A    C:\REPO COPY\gsbhmg01\lib\python\political_speech\code\gslab_make\py\private\preliminaries.py
A    C:\REPO COPY\gsbhmg01\lib\python\political_speech\code\gslab_make\py\private\getexternalsdirectives.py
A    C:\REPO COPY\gsbhmg01\lib\python\political_speech\code\gslab_make\py\private\messages.py
A    C:\REPO COPY\gsbhmg01\lib\python\political_speech\code\gslab_make\py\get_externals.py
A    C:\REPO COPY\gsbhmg01\lib\python\political_speech\code\gslab_make\readme_make.txt
Exported revision 18315.
Session should be a number between 43 and 110
A    C:\REPO COPY\gsbhmg01\lib\python\political_speech\code\gslab_make
A    C:\REPO COPY\gsbhmg01\lib\python\political_speech\code\gslab_make\test
A    C:\REPO COPY\gsbhmg01\lib\python\political_speech\code\gslab_make\test\input
A    C:\REPO COPY\gsbhmg01\lib\python\political_speech\code\gslab_make\test\input\externals_delete_all_files.txt
A    C:\REPO COPY\gsbhmg01\lib\python\political_speech\code\gslab_make\test\input\mathematica_init_script.m
A    C:\REPO COPY\gsbhmg01\lib\python\political_speech\code\gslab_make\test\input\R_test_script.R
A    C:\REPO COPY\gsbhmg01\lib\python\political_speech\code\gslab_make\test\input\lyx_test_file.lyx
A    C:\REPO COPY\gsbhmg01\lib\python\political_speech\code\gslab_make\test\input\test_data.txt
A    C:\REPO COPY\gsbhmg01\lib\python\political_speech\code\gslab_make\test\input\externals_delete_files.txt
A    C:\REPO COPY\gsbhmg01\lib\python\political_speech\code\gslab_make\test\input\externals_legal.txt
A    C:\REPO COPY\gsbhmg01\lib\python\political_speech\code\gslab_make\test\input\mathematica_test_script.m
A    C:\REPO COPY\gsbhmg01\lib\python\political_speech\code\gslab_make\test\input\python_test_script.py
A    C:\REPO COPY\gsbhmg01\lib\python\political_speech\code\gslab_make\test\input\R_test_script_error.R
A    C:\REPO COPY\gsbhmg01\lib\python\political_speech\code\gslab_make\test\input\sas_test_script.sas
A    C:\REPO COPY\gsbhmg01\lib\python\political_speech\code\gslab_make\test\input\perl_test_script.pl
A    C:\REPO COPY\gsbhmg01\lib\python\political_speech\code\gslab_make\test\input\stata_test_script_alt.do
A    C:\REPO COPY\gsbhmg01\lib\python\political_speech\code\gslab_make\test\input\stata_test_script.do
A    C:\REPO COPY\gsbhmg01\lib\python\political_speech\code\gslab_make\test\input\zip_test_file.zip
A    C:\REPO COPY\gsbhmg01\lib\python\political_speech\code\gslab_make\test\input\externals_stata_ado.txt
A    C:\REPO COPY\gsbhmg01\lib\python\political_speech\code\gslab_make\test\input\externals_list_directory.txt
A    C:\REPO COPY\gsbhmg01\lib\python\political_speech\code\gslab_make\test\input\rinstall_test_package
A    C:\REPO COPY\gsbhmg01\lib\python\political_speech\code\gslab_make\test\input\rinstall_test_package\Ecdat_0.1-6.1.tar.gz
A    C:\REPO COPY\gsbhmg01\lib\python\political_speech\code\gslab_make\test\input\externals_start_make_logging.txt
A    C:\REPO COPY\gsbhmg01\lib\python\political_speech\code\gslab_make\test\input\stc_test_script.stc
A    C:\REPO COPY\gsbhmg01\lib\python\political_speech\code\gslab_make\test\input\stcmd_test_script.stcmd
A    C:\REPO COPY\gsbhmg01\lib\python\political_speech\code\gslab_make\test\input\sas_test_script_error.sas
A    C:\REPO COPY\gsbhmg01\lib\python\political_speech\code\gslab_make\test\input\perl_test_script_error.pl
A    C:\REPO COPY\gsbhmg01\lib\python\political_speech\code\gslab_make\test\input\externals_illegal.txt
A    C:\REPO COPY\gsbhmg01\lib\python\political_speech\code\gslab_make\test\input\sas_test_script_nolst.sas
A    C:\REPO COPY\gsbhmg01\lib\python\political_speech\code\gslab_make\test\input\test_data.xls
A    C:\REPO COPY\gsbhmg01\lib\python\political_speech\code\gslab_make\test\input\matlab_test_script.m
A    C:\REPO COPY\gsbhmg01\lib\python\political_speech\code\gslab_make\test\nostderrout.py
A    C:\REPO COPY\gsbhmg01\lib\python\political_speech\code\gslab_make\test\run_all_tests.py
A    C:\REPO COPY\gsbhmg01\lib\python\political_speech\code\gslab_make\test\test_get_externals.py
A    C:\REPO COPY\gsbhmg01\lib\python\political_speech\code\gslab_make\test\test_run_program
A    C:\REPO COPY\gsbhmg01\lib\python\political_speech\code\gslab_make\test\test_run_program\test_run_sas.py
A    C:\REPO COPY\gsbhmg01\lib\python\political_speech\code\gslab_make\test\test_run_program\test_run_rinstall.py
A    C:\REPO COPY\gsbhmg01\lib\python\political_speech\code\gslab_make\test\test_run_program\test_run_stc.py
A    C:\REPO COPY\gsbhmg01\lib\python\political_speech\code\gslab_make\test\test_run_program\test_run_stcmd.py
A    C:\REPO COPY\gsbhmg01\lib\python\political_speech\code\gslab_make\test\test_run_program\__init__.py
A    C:\REPO COPY\gsbhmg01\lib\python\political_speech\code\gslab_make\test\test_run_program\test_run_lyx.py
A    C:\REPO COPY\gsbhmg01\lib\python\political_speech\code\gslab_make\test\test_run_program\test_run_stata.py
A    C:\REPO COPY\gsbhmg01\lib\python\political_speech\code\gslab_make\test\test_run_program\test_run_mathematica.py
A    C:\REPO COPY\gsbhmg01\lib\python\political_speech\code\gslab_make\test\test_run_program\test_run_command.py
A    C:\REPO COPY\gsbhmg01\lib\python\political_speech\code\gslab_make\test\test_run_program\test_run_matlab.py
A    C:\REPO COPY\gsbhmg01\lib\python\political_speech\code\gslab_make\test\test_run_program\test_run_python.py
A    C:\REPO COPY\gsbhmg01\lib\python\political_speech\code\gslab_make\test\test_run_program\test_run_perl.py
A    C:\REPO COPY\gsbhmg01\lib\python\political_speech\code\gslab_make\test\test_run_program\test_run_rbatch.py
A    C:\REPO COPY\gsbhmg01\lib\python\political_speech\code\gslab_make\test\test_dir_mod
A    C:\REPO COPY\gsbhmg01\lib\python\political_speech\code\gslab_make\test\test_dir_mod\test_delete_all_files.py
A    C:\REPO COPY\gsbhmg01\lib\python\political_speech\code\gslab_make\test\test_dir_mod\test_list_directory.py
A    C:\REPO COPY\gsbhmg01\lib\python\political_speech\code\gslab_make\test\test_dir_mod\__init__.py
A    C:\REPO COPY\gsbhmg01\lib\python\political_speech\code\gslab_make\test\test_dir_mod\test_check_manifest.py
A    C:\REPO COPY\gsbhmg01\lib\python\political_speech\code\gslab_make\test\test_dir_mod\test_delete_files.py
A    C:\REPO COPY\gsbhmg01\lib\python\political_speech\code\gslab_make\test\test_make_log
A    C:\REPO COPY\gsbhmg01\lib\python\political_speech\code\gslab_make\test\test_make_log\test_add_log.py
A    C:\REPO COPY\gsbhmg01\lib\python\political_speech\code\gslab_make\test\test_make_log\test_end_make_logging.py
A    C:\REPO COPY\gsbhmg01\lib\python\political_speech\code\gslab_make\test\test_make_log\__init__.py
A    C:\REPO COPY\gsbhmg01\lib\python\political_speech\code\gslab_make\test\test_make_log\test_start_make_logging.py
A    C:\REPO COPY\gsbhmg01\lib\python\political_speech\code\gslab_make\test\test_make_log\test_set_option.py
A    C:\REPO COPY\gsbhmg01\lib\python\political_speech\code\gslab_make\test\test_make_log\test_del_log.py
A    C:\REPO COPY\gsbhmg01\lib\python\political_speech\code\gslab_make\readme_getexternals.txt
A    C:\REPO COPY\gsbhmg01\lib\python\political_speech\code\gslab_make\log
A    C:\REPO COPY\gsbhmg01\lib\python\political_speech\code\gslab_make\log\test.log
A    C:\REPO COPY\gsbhmg01\lib\python\political_speech\code\gslab_make\log\make.log
A    C:\REPO COPY\gsbhmg01\lib\python\political_speech\code\gslab_make\make.py
A    C:\REPO COPY\gsbhmg01\lib\python\political_speech\code\gslab_make\__init__.py
A    C:\REPO COPY\gsbhmg01\lib\python\political_speech\code\gslab_make\py
A    C:\REPO COPY\gsbhmg01\lib\python\political_speech\code\gslab_make\py\run_program.py
A    C:\REPO COPY\gsbhmg01\lib\python\political_speech\code\gslab_make\py\dir_mod.py
A    C:\REPO COPY\gsbhmg01\lib\python\political_speech\code\gslab_make\py\make_log.py
A    C:\REPO COPY\gsbhmg01\lib\python\political_speech\code\gslab_make\py\__init__.py
A    C:\REPO COPY\gsbhmg01\lib\python\political_speech\code\gslab_make\py\private
A    C:\REPO COPY\gsbhmg01\lib\python\political_speech\code\gslab_make\py\private\runprogramdirective.py
A    C:\REPO COPY\gsbhmg01\lib\python\political_speech\code\gslab_make\py\private\exceptionclasses.py
A    C:\REPO COPY\gsbhmg01\lib\python\political_speech\code\gslab_make\py\private\__init__.py
A    C:\REPO COPY\gsbhmg01\lib\python\political_speech\code\gslab_make\py\private\metadata.py
A    C:\REPO COPY\gsbhmg01\lib\python\political_speech\code\gslab_make\py\private\preliminaries.py
A    C:\REPO COPY\gsbhmg01\lib\python\political_speech\code\gslab_make\py\private\getexternalsdirectives.py
A    C:\REPO COPY\gsbhmg01\lib\python\political_speech\code\gslab_make\py\private\messages.py
A    C:\REPO COPY\gsbhmg01\lib\python\political_speech\code\gslab_make\py\get_externals.py
A    C:\REPO COPY\gsbhmg01\lib\python\political_speech\code\gslab_make\readme_make.txt
Exported revision 18315.
The first argument should be a two-word phrase, separated by one space.

 make.py ended: 2013-01-25 20:14:12
