
 make.py started: 2015-09-16 22:30:01 C:\Users\ashahidinejad\Desktop\externals_search 


Path: gslab_make
URL: http://gsbhmg01.chicagobooth.edu/svn/trunk/lib/python/gslab_make
Repository Root: http://gsbhmg01.chicagobooth.edu/svn
Repository UUID: 89b4331b-4301-411a-8e06-9c78d9cdb83d
Revision: 32500
Node Kind: directory
Last Changed Author: ashahidinejad
Last Changed Rev: 32396
Last Changed Date: 2015-09-04 17:23:55 -0500 (Fri, 04 Sep 2015)



Execute:  python  "run_all_tests.py" 
test_correct_output (test_externals_search.TestArguments) ... Search Externals Results 
Finished searching.
Hits: 1
Search terms: ['ANES', 'lib']
Search path: http://gslab.chicagobooth.edu/svn/trunk/analysis/Media Productivity/
Revision number: 20000 
Duration: 2 second(s).
Results stored in ../output/ANES_lib_20000_results.txt


ok

----------------------------------------------------------------------
Ran 1 test in 2.166s

OK

 make.py ended: 2015-09-16 22:30:04
