
 make.py started: 2014-04-23 13:26:43 C:\Users\mwong4\Documents\GSLAB\trunk\lib\python\gslab_misc 


Path: gslab_make
URL: http://gsbhmg01.chicagobooth.edu/svn/trunk/lib/python/gslab_make
Repository Root: http://gsbhmg01.chicagobooth.edu/svn
Repository UUID: 89b4331b-4301-411a-8e06-9c78d9cdb83d
Revision: 25915
Node Kind: directory
Last Changed Author: azhang2
Last Changed Rev: 24565
Last Changed Date: 2014-01-29 16:20:06 -0600 (Wed, 29 Jan 2014)



List of all files in sub-directories in ./log
./log
created/modified Thu Nov 14 13:30:20 2013
                                          make.log --- created/modified Wed Apr 23 13:26:45 2014 ( 452 bytes )
                                         stata.log --- created/modified Thu Nov 14 13:30:20 2013 ( 53,208 bytes )
                                          test.log --- created/modified Thu Nov 14 13:30:20 2013 ( 777 bytes )
./log\stata_output_for_textfill
created/modified Thu Nov 14 13:30:20 2013
                            alternative_prefix.log --- created/modified Thu Nov 14 13:30:20 2013 ( 7,315 bytes )
                                         legal.log --- created/modified Thu Nov 14 13:30:20 2013 ( 7,267 bytes )
                               tags_dont_match.log --- created/modified Thu Nov 14 13:30:20 2013 ( 11,291 bytes )
                        tags_incorrectly_named.log --- created/modified Thu Nov 14 13:30:20 2013 ( 11,319 bytes )
                               tags_not_closed.log --- created/modified Thu Nov 14 13:30:20 2013 ( 11,268 bytes )



 get_externals.py started: 2014-04-23 13:26:45 C:\Users\mwong4\Documents\GSLAB\trunk\lib\python\gslab_misc

 Input was: "17902	%svn%/lib/stata/gslab_misc/ado/	*	./gslab_misc/	""""".
SVN command passed: http://gsbhmg01.chicagobooth.edu/svn/trunk/lib/stata/gslab_misc/ado/ @17902 exported to ./external/./gslab_misc/.

 get_externals.py ended: 2014-04-23 13:26:49

  ___  ____  ____  ____  ____ (R)
 /__    /   ____/   /   ____/
___/   /   /___/   /   /___/   13.0   Copyright 1985-2013 StataCorp LP
  Statistics/Data Analysis            StataCorp
                                      4905 Lakeway Drive
     MP - Parallel Edition            College Station, Texas 77845 USA
                                      800-STATA-PC        http://www.stata.com
                                      979-696-4600        stata@stata.com
                                      979-696-4601 (fax)

22-user 8-core Stata network license expires 30 Jun 2014:
       Serial number:  501306001307
         Licensed to:  Preferred Customer
                       The University of Chicago

Notes:
      1.  (/v# option or -set maxvar-) 5000 maximum variables
      2.  Stata running in batch mode


running C:\Program Files (x86)\Stata13\profile.do ...

. do logs_for_textfill.do 

.  /**********************************************************
>  *
>  * LOGS_FOR_TEXTFILL.DO
>  * Outputs example stata logs tagged for textfill
>  * 
>  **********************************************************/ 
. 
. version 11

. set more off

. adopath + ../../external/gslab_misc
  [1]  (BASE)      "C:\Program Files (x86)\Stata13\ado\base/"
  [2]  (SITE)      "C:\Program Files (x86)\Stata13\ado\site/"
  [3]              "."
  [4]  (PERSONAL)  "c:\ado\personal/"
  [5]  (PLUS)      "c:\ado\plus/"
  [6]  (OLDPLACE)  "c:\ado/"
  [7]              "../../external/gslab_misc"

. preliminaries

. 
. program main
  1.     setup_data
  2.     legal
  3.     tags_dont_match
  4.     tag_not_closed
  5.     tags_incorrectly_named
  6.     alternative_prefix
  7.     * I run what would be small_table outside main, so that echoes show up on the logfile
. end

. 
. program setup_data
  1.     set obs 100
  2.     gen x = uniform()
  3.     gen y = uniform()
  4. end

. 
. program legal
  1.     log using ../../log/stata_output_for_textfill/legal.log, replace name(legal_long)
  2.     insert_tag test_long, open
  3.     summ x, det
  4.     summ y, det
  5.     summ
  6.     regress y x
  7.     regress x y
  8.     regress x y, robust
  9.     insert_tag test_long, close
 10.     log close legal_long
 11. 
.     log using ../../log/stata_output_for_textfill/legal.log, append name(legal_short)
 12.     insert_tag test_small, open
 13.     regress y x
 14.     insert_tag test_small, close
 15.     log close legal_short
 16. end    

. 
. program tags_dont_match
  1.     log using ../../log/stata_output_for_textfill/tags_dont_match.log, replace name(nomatch)
  2.     insert_tag start, open
  3.     tab x
  4.     tab y
  5.     insert_tag end, close
  6.     log close nomatch
  7. end

. 
. program tag_not_closed
  1.     log using ../../log/stata_output_for_textfill/tags_not_closed.log, replace name(noend)
  2.     insert_tag tag, open
  3.     tab x
  4.     tab y
  5.     log close noend
  6. end

. 
. program tags_incorrectly_named
  1.     log using ../../log/stata_output_for_textfill/tags_incorrectly_named.log, replace name(badnames)
  2.     insert_tag test_long, open prefix(different)
  3.     tab x
  4.     tab y
  5.     insert_tag test_long, close prefix(different)
  6.     log close badnames
  7. end

. 
. program alternative_prefix
  1.     log using ../../log/stata_output_for_textfill/alternative_prefix.log, replace name(prefix_long)
  2.     insert_tag test_long, open prefix(prefix)
  3.     summ x, det
  4.     summ y, det
  5.     summ
  6.     regress y x
  7.     regress x y
  8.     regress x y, robust
  9.     insert_tag test_long, close prefix(prefix)
 10.     log close prefix_long
 11.     
.     log using ../../log/stata_output_for_textfill/alternative_prefix.log, append name(prefix_short)
 12.     insert_tag test_small, open prefix(prefix)
 13.     regress y x
 14.     insert_tag test_small, close prefix(prefix)
 15.     log close prefix_short
 16. end

. 
. * EXECUTE
. main
obs was 0, now 100
(note: file C:\Users\mwong4\Documents\GSLAB\trunk\lib\python\gslab_misc\test\input\../../log/stata_output_for_textfill/legal.log not found)
---------------------------------------------------------------------------------------------------------------------------------------------------------------------------------------------------------------------------------------------------------------
      name:  legal_long
       log:  C:\Users\mwong4\Documents\GSLAB\trunk\lib\python\gslab_misc\test\input\../../log/stata_output_for_textfill/legal.log
  log type:  text
 opened on:  23 Apr 2014, 13:26:50
<textfill_test_long>

                              x
-------------------------------------------------------------
      Percentiles      Smallest
 1%     .0047411       .0024686
 5%     .0215199       .0070135
10%     .0560629       .0148051       Obs                 100
25%     .2085835       .0174648       Sum of Wgt.         100

50%     .4723006                      Mean           .4762635
                        Largest       Std. Dev.      .3123104
75%     .7405439       .9740208
90%     .9051134       .9801796       Variance       .0975378
95%     .9537738       .9935958       Skewness       .0056333
99%     .9966775       .9997593       Kurtosis       1.686211

                              y
-------------------------------------------------------------
      Percentiles      Smallest
 1%     .0224818        .018611
 5%     .0298601       .0263526
10%     .0772265       .0268655       Obs                 100
25%      .277908       .0273673       Sum of Wgt.         100

50%     .5990957                      Mean           .5321133
                        Largest       Std. Dev.      .2989224
75%     .7775158       .9737868
90%     .8913509        .976499       Variance       .0893546
95%     .9524078       .9781724       Skewness      -.3125655
99%     .9860145       .9938565       Kurtosis       1.783511

    Variable |       Obs        Mean    Std. Dev.       Min        Max
-------------+--------------------------------------------------------
           x |       100    .4762635    .3123104   .0024686   .9997593
           y |       100    .5321133    .2989224    .018611   .9938565

      Source |       SS       df       MS              Number of obs =     100
-------------+------------------------------           F(  1,    98) =    2.02
       Model |  .178571582     1  .178571582           Prob > F      =  0.1585
    Residual |  8.66753137    98  .088444198           R-squared     =  0.0202
-------------+------------------------------           Adj R-squared =  0.0102
       Total |  8.84610295    99  .089354575           Root MSE      =   .2974

------------------------------------------------------------------------------
           y |      Coef.   Std. Err.      t    P>|t|     [95% Conf. Interval]
-------------+----------------------------------------------------------------
           x |  -.1359885   .0957041    -1.42   0.159    -.3259102    .0539332
       _cons |   .5968796   .0544244    10.97   0.000     .4888762    .7048831
------------------------------------------------------------------------------

      Source |       SS       df       MS              Number of obs =     100
-------------+------------------------------           F(  1,    98) =    2.02
       Model |  .194925355     1  .194925355           Prob > F      =  0.1585
    Residual |    9.461313    98   .09654401           R-squared     =  0.0202
-------------+------------------------------           Adj R-squared =  0.0102
       Total |  9.65623835    99  .097537761           Root MSE      =  .31072

------------------------------------------------------------------------------
           x |      Coef.   Std. Err.      t    P>|t|     [95% Conf. Interval]
-------------+----------------------------------------------------------------
           y |  -.1484425   .1044688    -1.42   0.159    -.3557574    .0588725
       _cons |   .5552517   .0636836     8.72   0.000     .4288737    .6816298
------------------------------------------------------------------------------

Linear regression                                      Number of obs =     100
                                                       F(  1,    98) =    1.98
                                                       Prob > F      =  0.1627
                                                       R-squared     =  0.0202
                                                       Root MSE      =  .31072

------------------------------------------------------------------------------
             |               Robust
           x |      Coef.   Std. Err.      t    P>|t|     [95% Conf. Interval]
-------------+----------------------------------------------------------------
           y |  -.1484425   .1055281    -1.41   0.163    -.3578596    .0609747
       _cons |   .5552517   .0645158     8.61   0.000     .4272222    .6832813
------------------------------------------------------------------------------
</textfill_test_long>
      name:  legal_long
       log:  C:\Users\mwong4\Documents\GSLAB\trunk\lib\python\gslab_misc\test\input\../../log/stata_output_for_textfill/legal.log
  log type:  text
 closed on:  23 Apr 2014, 13:26:50
---------------------------------------------------------------------------------------------------------------------------------------------------------------------------------------------------------------------------------------------------------------
---------------------------------------------------------------------------------------------------------------------------------------------------------------------------------------------------------------------------------------------------------------
      name:  legal_short
       log:  C:\Users\mwong4\Documents\GSLAB\trunk\lib\python\gslab_misc\test\input\../../log/stata_output_for_textfill/legal.log
  log type:  text
 opened on:  23 Apr 2014, 13:26:50
<textfill_test_small>

      Source |       SS       df       MS              Number of obs =     100
-------------+------------------------------           F(  1,    98) =    2.02
       Model |  .178571582     1  .178571582           Prob > F      =  0.1585
    Residual |  8.66753137    98  .088444198           R-squared     =  0.0202
-------------+------------------------------           Adj R-squared =  0.0102
       Total |  8.84610295    99  .089354575           Root MSE      =   .2974

------------------------------------------------------------------------------
           y |      Coef.   Std. Err.      t    P>|t|     [95% Conf. Interval]
-------------+----------------------------------------------------------------
           x |  -.1359885   .0957041    -1.42   0.159    -.3259102    .0539332
       _cons |   .5968796   .0544244    10.97   0.000     .4888762    .7048831
------------------------------------------------------------------------------
</textfill_test_small>
      name:  legal_short
       log:  C:\Users\mwong4\Documents\GSLAB\trunk\lib\python\gslab_misc\test\input\../../log/stata_output_for_textfill/legal.log
  log type:  text
 closed on:  23 Apr 2014, 13:26:50
---------------------------------------------------------------------------------------------------------------------------------------------------------------------------------------------------------------------------------------------------------------
(note: file C:\Users\mwong4\Documents\GSLAB\trunk\lib\python\gslab_misc\test\input\../../log/stata_output_for_textfill/tags_dont_match.log not found)
---------------------------------------------------------------------------------------------------------------------------------------------------------------------------------------------------------------------------------------------------------------
      name:  nomatch
       log:  C:\Users\mwong4\Documents\GSLAB\trunk\lib\python\gslab_misc\test\input\../../log/stata_output_for_textfill/tags_dont_match.log
  log type:  text
 opened on:  23 Apr 2014, 13:26:50
<textfill_start>

          x |      Freq.     Percent        Cum.
------------+-----------------------------------
   .0024686 |          1        1.00        1.00
   .0070135 |          1        1.00        2.00
   .0148051 |          1        1.00        3.00
   .0174648 |          1        1.00        4.00
    .020954 |          1        1.00        5.00
   .0220858 |          1        1.00        6.00
    .023483 |          1        1.00        7.00
   .0357806 |          1        1.00        8.00
   .0402297 |          1        1.00        9.00
   .0534319 |          1        1.00       10.00
   .0586939 |          1        1.00       11.00
   .0644258 |          1        1.00       12.00
   .0656186 |          1        1.00       13.00
   .0664834 |          1        1.00       14.00
   .0685536 |          1        1.00       15.00
   .0774764 |          1        1.00       16.00
   .0794217 |          1        1.00       17.00
    .092076 |          1        1.00       18.00
   .1015492 |          1        1.00       19.00
   .1083945 |          1        1.00       20.00
   .1098663 |          1        1.00       21.00
   .1114471 |          1        1.00       22.00
    .148453 |          1        1.00       23.00
   .1757183 |          1        1.00       24.00
   .2023301 |          1        1.00       25.00
   .2148368 |          1        1.00       26.00
   .2175518 |          1        1.00       27.00
   .2193708 |          1        1.00       28.00
   .2243006 |          1        1.00       29.00
   .2345614 |          1        1.00       30.00
    .236944 |          1        1.00       31.00
   .2662515 |          1        1.00       32.00
   .2715138 |          1        1.00       33.00
    .287885 |          1        1.00       34.00
   .3003435 |          1        1.00       35.00
    .329823 |          1        1.00       36.00
   .3377489 |          1        1.00       37.00
   .3386047 |          1        1.00       38.00
   .3444947 |          1        1.00       39.00
   .3524629 |          1        1.00       40.00
   .3611816 |          1        1.00       41.00
   .3735708 |          1        1.00       42.00
   .3846909 |          1        1.00       43.00
   .4067852 |          1        1.00       44.00
   .4242141 |          1        1.00       45.00
   .4547351 |          1        1.00       46.00
   .4622516 |          1        1.00       47.00
   .4634651 |          1        1.00       48.00
   .4707784 |          1        1.00       49.00
   .4712065 |          1        1.00       50.00
   .4733946 |          1        1.00       51.00
   .4888961 |          1        1.00       52.00
   .5036507 |          1        1.00       53.00
   .5151162 |          1        1.00       54.00
   .5181291 |          1        1.00       55.00
    .524306 |          1        1.00       56.00
    .528254 |          1        1.00       57.00
   .5677648 |          1        1.00       58.00
   .5765703 |          1        1.00       59.00
   .6098415 |          1        1.00       60.00
   .6203105 |          1        1.00       61.00
   .6296645 |          1        1.00       62.00
   .6419311 |          1        1.00       63.00
   .6592779 |          1        1.00       64.00
   .6601788 |          1        1.00       65.00
   .6698938 |          1        1.00       66.00
   .6724994 |          1        1.00       67.00
   .6952591 |          1        1.00       68.00
   .7003698 |          1        1.00       69.00
   .7039204 |          1        1.00       70.00
    .709421 |          1        1.00       71.00
   .7138374 |          1        1.00       72.00
   .7312067 |          1        1.00       73.00
   .7327532 |          1        1.00       74.00
   .7384697 |          1        1.00       75.00
   .7426181 |          1        1.00       76.00
    .748133 |          1        1.00       77.00
   .7485816 |          1        1.00       78.00
   .7579185 |          1        1.00       79.00
   .7817855 |          1        1.00       80.00
   .8067802 |          1        1.00       81.00
   .8204516 |          1        1.00       82.00
   .8270964 |          1        1.00       83.00
   .8369107 |          1        1.00       84.00
   .8444323 |          1        1.00       85.00
   .8446818 |          1        1.00       86.00
   .8598348 |          1        1.00       87.00
    .869523 |          1        1.00       88.00
   .8850042 |          1        1.00       89.00
   .9021824 |          1        1.00       90.00
   .9080444 |          1        1.00       91.00
   .9170358 |          1        1.00       92.00
   .9290303 |          1        1.00       93.00
    .938491 |          1        1.00       94.00
   .9409332 |          1        1.00       95.00
   .9666144 |          1        1.00       96.00
   .9740208 |          1        1.00       97.00
   .9801796 |          1        1.00       98.00
   .9935958 |          1        1.00       99.00
   .9997593 |          1        1.00      100.00
------------+-----------------------------------
      Total |        100      100.00

          y |      Freq.     Percent        Cum.
------------+-----------------------------------
    .018611 |          1        1.00        1.00
   .0263526 |          1        1.00        2.00
   .0268655 |          1        1.00        3.00
   .0273673 |          1        1.00        4.00
   .0290261 |          1        1.00        5.00
   .0306942 |          1        1.00        6.00
   .0376063 |          1        1.00        7.00
   .0543748 |          1        1.00        8.00
   .0641449 |          1        1.00        9.00
    .075209 |          1        1.00       10.00
    .079244 |          1        1.00       11.00
   .0831937 |          1        1.00       12.00
   .1106643 |          1        1.00       13.00
   .1272038 |          1        1.00       14.00
   .1285802 |          1        1.00       15.00
   .1326422 |          1        1.00       16.00
   .1441612 |          1        1.00       17.00
   .1485588 |          1        1.00       18.00
   .1515492 |          1        1.00       19.00
   .1649755 |          1        1.00       20.00
   .1725251 |          1        1.00       21.00
   .1793649 |          1        1.00       22.00
   .2328991 |          1        1.00       23.00
    .259882 |          1        1.00       24.00
    .270927 |          1        1.00       25.00
    .284889 |          1        1.00       26.00
   .3052677 |          1        1.00       27.00
   .3333221 |          1        1.00       28.00
   .3580768 |          1        1.00       29.00
   .3601323 |          1        1.00       30.00
   .3636317 |          1        1.00       31.00
   .3774298 |          1        1.00       32.00
   .3808689 |          1        1.00       33.00
    .383771 |          1        1.00       34.00
   .3951333 |          1        1.00       35.00
   .4008249 |          1        1.00       36.00
   .4268171 |          1        1.00       37.00
   .4278193 |          1        1.00       38.00
   .4282457 |          1        1.00       39.00
   .4309995 |          1        1.00       40.00
   .4326128 |          1        1.00       41.00
   .4507767 |          1        1.00       42.00
   .4679966 |          1        1.00       43.00
   .4955698 |          1        1.00       44.00
    .533588 |          1        1.00       45.00
   .5338169 |          1        1.00       46.00
   .5647923 |          1        1.00       47.00
   .5831391 |          1        1.00       48.00
   .5914276 |          1        1.00       49.00
   .5964467 |          1        1.00       50.00
   .6017447 |          1        1.00       51.00
   .6144868 |          1        1.00       52.00
   .6463121 |          1        1.00       53.00
   .6480505 |          1        1.00       54.00
   .6554189 |          1        1.00       55.00
   .6699496 |          1        1.00       56.00
   .6727039 |          1        1.00       57.00
   .6750632 |          1        1.00       58.00
   .6824557 |          1        1.00       59.00
   .6859647 |          1        1.00       60.00
   .7046862 |          1        1.00       61.00
   .7175506 |          1        1.00       62.00
     .72932 |          1        1.00       63.00
   .7307311 |          1        1.00       64.00
   .7358824 |          1        1.00       65.00
    .736607 |          1        1.00       66.00
   .7408202 |          1        1.00       67.00
    .748951 |          1        1.00       68.00
   .7516417 |          1        1.00       69.00
   .7566593 |          1        1.00       70.00
   .7606474 |          1        1.00       71.00
   .7668425 |          1        1.00       72.00
   .7668777 |          1        1.00       73.00
   .7706894 |          1        1.00       74.00
   .7769713 |          1        1.00       75.00
   .7780603 |          1        1.00       76.00
   .7796009 |          1        1.00       77.00
   .7868325 |          1        1.00       78.00
   .7880213 |          1        1.00       79.00
   .7926383 |          1        1.00       80.00
   .7957793 |          1        1.00       81.00
   .7986892 |          1        1.00       82.00
   .8046905 |          1        1.00       83.00
   .8114291 |          1        1.00       84.00
    .826561 |          1        1.00       85.00
   .8565611 |          1        1.00       86.00
    .857968 |          1        1.00       87.00
   .8586463 |          1        1.00       88.00
   .8736449 |          1        1.00       89.00
   .8810479 |          1        1.00       90.00
   .9016539 |          1        1.00       91.00
   .9035038 |          1        1.00       92.00
   .9282494 |          1        1.00       93.00
   .9295748 |          1        1.00       94.00
   .9472191 |          1        1.00       95.00
   .9575965 |          1        1.00       96.00
   .9737868 |          1        1.00       97.00
    .976499 |          1        1.00       98.00
   .9781724 |          1        1.00       99.00
   .9938565 |          1        1.00      100.00
------------+-----------------------------------
      Total |        100      100.00
</textfill_end>
      name:  nomatch
       log:  C:\Users\mwong4\Documents\GSLAB\trunk\lib\python\gslab_misc\test\input\../../log/stata_output_for_textfill/tags_dont_match.log
  log type:  text
 closed on:  23 Apr 2014, 13:26:50
---------------------------------------------------------------------------------------------------------------------------------------------------------------------------------------------------------------------------------------------------------------
(note: file C:\Users\mwong4\Documents\GSLAB\trunk\lib\python\gslab_misc\test\input\../../log/stata_output_for_textfill/tags_not_closed.log not found)
---------------------------------------------------------------------------------------------------------------------------------------------------------------------------------------------------------------------------------------------------------------
      name:  noend
       log:  C:\Users\mwong4\Documents\GSLAB\trunk\lib\python\gslab_misc\test\input\../../log/stata_output_for_textfill/tags_not_closed.log
  log type:  text
 opened on:  23 Apr 2014, 13:26:50
<textfill_tag>

          x |      Freq.     Percent        Cum.
------------+-----------------------------------
   .0024686 |          1        1.00        1.00
   .0070135 |          1        1.00        2.00
   .0148051 |          1        1.00        3.00
   .0174648 |          1        1.00        4.00
    .020954 |          1        1.00        5.00
   .0220858 |          1        1.00        6.00
    .023483 |          1        1.00        7.00
   .0357806 |          1        1.00        8.00
   .0402297 |          1        1.00        9.00
   .0534319 |          1        1.00       10.00
   .0586939 |          1        1.00       11.00
   .0644258 |          1        1.00       12.00
   .0656186 |          1        1.00       13.00
   .0664834 |          1        1.00       14.00
   .0685536 |          1        1.00       15.00
   .0774764 |          1        1.00       16.00
   .0794217 |          1        1.00       17.00
    .092076 |          1        1.00       18.00
   .1015492 |          1        1.00       19.00
   .1083945 |          1        1.00       20.00
   .1098663 |          1        1.00       21.00
   .1114471 |          1        1.00       22.00
    .148453 |          1        1.00       23.00
   .1757183 |          1        1.00       24.00
   .2023301 |          1        1.00       25.00
   .2148368 |          1        1.00       26.00
   .2175518 |          1        1.00       27.00
   .2193708 |          1        1.00       28.00
   .2243006 |          1        1.00       29.00
   .2345614 |          1        1.00       30.00
    .236944 |          1        1.00       31.00
   .2662515 |          1        1.00       32.00
   .2715138 |          1        1.00       33.00
    .287885 |          1        1.00       34.00
   .3003435 |          1        1.00       35.00
    .329823 |          1        1.00       36.00
   .3377489 |          1        1.00       37.00
   .3386047 |          1        1.00       38.00
   .3444947 |          1        1.00       39.00
   .3524629 |          1        1.00       40.00
   .3611816 |          1        1.00       41.00
   .3735708 |          1        1.00       42.00
   .3846909 |          1        1.00       43.00
   .4067852 |          1        1.00       44.00
   .4242141 |          1        1.00       45.00
   .4547351 |          1        1.00       46.00
   .4622516 |          1        1.00       47.00
   .4634651 |          1        1.00       48.00
   .4707784 |          1        1.00       49.00
   .4712065 |          1        1.00       50.00
   .4733946 |          1        1.00       51.00
   .4888961 |          1        1.00       52.00
   .5036507 |          1        1.00       53.00
   .5151162 |          1        1.00       54.00
   .5181291 |          1        1.00       55.00
    .524306 |          1        1.00       56.00
    .528254 |          1        1.00       57.00
   .5677648 |          1        1.00       58.00
   .5765703 |          1        1.00       59.00
   .6098415 |          1        1.00       60.00
   .6203105 |          1        1.00       61.00
   .6296645 |          1        1.00       62.00
   .6419311 |          1        1.00       63.00
   .6592779 |          1        1.00       64.00
   .6601788 |          1        1.00       65.00
   .6698938 |          1        1.00       66.00
   .6724994 |          1        1.00       67.00
   .6952591 |          1        1.00       68.00
   .7003698 |          1        1.00       69.00
   .7039204 |          1        1.00       70.00
    .709421 |          1        1.00       71.00
   .7138374 |          1        1.00       72.00
   .7312067 |          1        1.00       73.00
   .7327532 |          1        1.00       74.00
   .7384697 |          1        1.00       75.00
   .7426181 |          1        1.00       76.00
    .748133 |          1        1.00       77.00
   .7485816 |          1        1.00       78.00
   .7579185 |          1        1.00       79.00
   .7817855 |          1        1.00       80.00
   .8067802 |          1        1.00       81.00
   .8204516 |          1        1.00       82.00
   .8270964 |          1        1.00       83.00
   .8369107 |          1        1.00       84.00
   .8444323 |          1        1.00       85.00
   .8446818 |          1        1.00       86.00
   .8598348 |          1        1.00       87.00
    .869523 |          1        1.00       88.00
   .8850042 |          1        1.00       89.00
   .9021824 |          1        1.00       90.00
   .9080444 |          1        1.00       91.00
   .9170358 |          1        1.00       92.00
   .9290303 |          1        1.00       93.00
    .938491 |          1        1.00       94.00
   .9409332 |          1        1.00       95.00
   .9666144 |          1        1.00       96.00
   .9740208 |          1        1.00       97.00
   .9801796 |          1        1.00       98.00
   .9935958 |          1        1.00       99.00
   .9997593 |          1        1.00      100.00
------------+-----------------------------------
      Total |        100      100.00

          y |      Freq.     Percent        Cum.
------------+-----------------------------------
    .018611 |          1        1.00        1.00
   .0263526 |          1        1.00        2.00
   .0268655 |          1        1.00        3.00
   .0273673 |          1        1.00        4.00
   .0290261 |          1        1.00        5.00
   .0306942 |          1        1.00        6.00
   .0376063 |          1        1.00        7.00
   .0543748 |          1        1.00        8.00
   .0641449 |          1        1.00        9.00
    .075209 |          1        1.00       10.00
    .079244 |          1        1.00       11.00
   .0831937 |          1        1.00       12.00
   .1106643 |          1        1.00       13.00
   .1272038 |          1        1.00       14.00
   .1285802 |          1        1.00       15.00
   .1326422 |          1        1.00       16.00
   .1441612 |          1        1.00       17.00
   .1485588 |          1        1.00       18.00
   .1515492 |          1        1.00       19.00
   .1649755 |          1        1.00       20.00
   .1725251 |          1        1.00       21.00
   .1793649 |          1        1.00       22.00
   .2328991 |          1        1.00       23.00
    .259882 |          1        1.00       24.00
    .270927 |          1        1.00       25.00
    .284889 |          1        1.00       26.00
   .3052677 |          1        1.00       27.00
   .3333221 |          1        1.00       28.00
   .3580768 |          1        1.00       29.00
   .3601323 |          1        1.00       30.00
   .3636317 |          1        1.00       31.00
   .3774298 |          1        1.00       32.00
   .3808689 |          1        1.00       33.00
    .383771 |          1        1.00       34.00
   .3951333 |          1        1.00       35.00
   .4008249 |          1        1.00       36.00
   .4268171 |          1        1.00       37.00
   .4278193 |          1        1.00       38.00
   .4282457 |          1        1.00       39.00
   .4309995 |          1        1.00       40.00
   .4326128 |          1        1.00       41.00
   .4507767 |          1        1.00       42.00
   .4679966 |          1        1.00       43.00
   .4955698 |          1        1.00       44.00
    .533588 |          1        1.00       45.00
   .5338169 |          1        1.00       46.00
   .5647923 |          1        1.00       47.00
   .5831391 |          1        1.00       48.00
   .5914276 |          1        1.00       49.00
   .5964467 |          1        1.00       50.00
   .6017447 |          1        1.00       51.00
   .6144868 |          1        1.00       52.00
   .6463121 |          1        1.00       53.00
   .6480505 |          1        1.00       54.00
   .6554189 |          1        1.00       55.00
   .6699496 |          1        1.00       56.00
   .6727039 |          1        1.00       57.00
   .6750632 |          1        1.00       58.00
   .6824557 |          1        1.00       59.00
   .6859647 |          1        1.00       60.00
   .7046862 |          1        1.00       61.00
   .7175506 |          1        1.00       62.00
     .72932 |          1        1.00       63.00
   .7307311 |          1        1.00       64.00
   .7358824 |          1        1.00       65.00
    .736607 |          1        1.00       66.00
   .7408202 |          1        1.00       67.00
    .748951 |          1        1.00       68.00
   .7516417 |          1        1.00       69.00
   .7566593 |          1        1.00       70.00
   .7606474 |          1        1.00       71.00
   .7668425 |          1        1.00       72.00
   .7668777 |          1        1.00       73.00
   .7706894 |          1        1.00       74.00
   .7769713 |          1        1.00       75.00
   .7780603 |          1        1.00       76.00
   .7796009 |          1        1.00       77.00
   .7868325 |          1        1.00       78.00
   .7880213 |          1        1.00       79.00
   .7926383 |          1        1.00       80.00
   .7957793 |          1        1.00       81.00
   .7986892 |          1        1.00       82.00
   .8046905 |          1        1.00       83.00
   .8114291 |          1        1.00       84.00
    .826561 |          1        1.00       85.00
   .8565611 |          1        1.00       86.00
    .857968 |          1        1.00       87.00
   .8586463 |          1        1.00       88.00
   .8736449 |          1        1.00       89.00
   .8810479 |          1        1.00       90.00
   .9016539 |          1        1.00       91.00
   .9035038 |          1        1.00       92.00
   .9282494 |          1        1.00       93.00
   .9295748 |          1        1.00       94.00
   .9472191 |          1        1.00       95.00
   .9575965 |          1        1.00       96.00
   .9737868 |          1        1.00       97.00
    .976499 |          1        1.00       98.00
   .9781724 |          1        1.00       99.00
   .9938565 |          1        1.00      100.00
------------+-----------------------------------
      Total |        100      100.00
      name:  noend
       log:  C:\Users\mwong4\Documents\GSLAB\trunk\lib\python\gslab_misc\test\input\../../log/stata_output_for_textfill/tags_not_closed.log
  log type:  text
 closed on:  23 Apr 2014, 13:26:50
---------------------------------------------------------------------------------------------------------------------------------------------------------------------------------------------------------------------------------------------------------------
(note: file C:\Users\mwong4\Documents\GSLAB\trunk\lib\python\gslab_misc\test\input\../../log/stata_output_for_textfill/tags_incorrectly_named.log not found)
---------------------------------------------------------------------------------------------------------------------------------------------------------------------------------------------------------------------------------------------------------------
      name:  badnames
       log:  C:\Users\mwong4\Documents\GSLAB\trunk\lib\python\gslab_misc\test\input\../../log/stata_output_for_textfill/tags_incorrectly_named.log
  log type:  text
 opened on:  23 Apr 2014, 13:26:50
<different_test_long>

          x |      Freq.     Percent        Cum.
------------+-----------------------------------
   .0024686 |          1        1.00        1.00
   .0070135 |          1        1.00        2.00
   .0148051 |          1        1.00        3.00
   .0174648 |          1        1.00        4.00
    .020954 |          1        1.00        5.00
   .0220858 |          1        1.00        6.00
    .023483 |          1        1.00        7.00
   .0357806 |          1        1.00        8.00
   .0402297 |          1        1.00        9.00
   .0534319 |          1        1.00       10.00
   .0586939 |          1        1.00       11.00
   .0644258 |          1        1.00       12.00
   .0656186 |          1        1.00       13.00
   .0664834 |          1        1.00       14.00
   .0685536 |          1        1.00       15.00
   .0774764 |          1        1.00       16.00
   .0794217 |          1        1.00       17.00
    .092076 |          1        1.00       18.00
   .1015492 |          1        1.00       19.00
   .1083945 |          1        1.00       20.00
   .1098663 |          1        1.00       21.00
   .1114471 |          1        1.00       22.00
    .148453 |          1        1.00       23.00
   .1757183 |          1        1.00       24.00
   .2023301 |          1        1.00       25.00
   .2148368 |          1        1.00       26.00
   .2175518 |          1        1.00       27.00
   .2193708 |          1        1.00       28.00
   .2243006 |          1        1.00       29.00
   .2345614 |          1        1.00       30.00
    .236944 |          1        1.00       31.00
   .2662515 |          1        1.00       32.00
   .2715138 |          1        1.00       33.00
    .287885 |          1        1.00       34.00
   .3003435 |          1        1.00       35.00
    .329823 |          1        1.00       36.00
   .3377489 |          1        1.00       37.00
   .3386047 |          1        1.00       38.00
   .3444947 |          1        1.00       39.00
   .3524629 |          1        1.00       40.00
   .3611816 |          1        1.00       41.00
   .3735708 |          1        1.00       42.00
   .3846909 |          1        1.00       43.00
   .4067852 |          1        1.00       44.00
   .4242141 |          1        1.00       45.00
   .4547351 |          1        1.00       46.00
   .4622516 |          1        1.00       47.00
   .4634651 |          1        1.00       48.00
   .4707784 |          1        1.00       49.00
   .4712065 |          1        1.00       50.00
   .4733946 |          1        1.00       51.00
   .4888961 |          1        1.00       52.00
   .5036507 |          1        1.00       53.00
   .5151162 |          1        1.00       54.00
   .5181291 |          1        1.00       55.00
    .524306 |          1        1.00       56.00
    .528254 |          1        1.00       57.00
   .5677648 |          1        1.00       58.00
   .5765703 |          1        1.00       59.00
   .6098415 |          1        1.00       60.00
   .6203105 |          1        1.00       61.00
   .6296645 |          1        1.00       62.00
   .6419311 |          1        1.00       63.00
   .6592779 |          1        1.00       64.00
   .6601788 |          1        1.00       65.00
   .6698938 |          1        1.00       66.00
   .6724994 |          1        1.00       67.00
   .6952591 |          1        1.00       68.00
   .7003698 |          1        1.00       69.00
   .7039204 |          1        1.00       70.00
    .709421 |          1        1.00       71.00
   .7138374 |          1        1.00       72.00
   .7312067 |          1        1.00       73.00
   .7327532 |          1        1.00       74.00
   .7384697 |          1        1.00       75.00
   .7426181 |          1        1.00       76.00
    .748133 |          1        1.00       77.00
   .7485816 |          1        1.00       78.00
   .7579185 |          1        1.00       79.00
   .7817855 |          1        1.00       80.00
   .8067802 |          1        1.00       81.00
   .8204516 |          1        1.00       82.00
   .8270964 |          1        1.00       83.00
   .8369107 |          1        1.00       84.00
   .8444323 |          1        1.00       85.00
   .8446818 |          1        1.00       86.00
   .8598348 |          1        1.00       87.00
    .869523 |          1        1.00       88.00
   .8850042 |          1        1.00       89.00
   .9021824 |          1        1.00       90.00
   .9080444 |          1        1.00       91.00
   .9170358 |          1        1.00       92.00
   .9290303 |          1        1.00       93.00
    .938491 |          1        1.00       94.00
   .9409332 |          1        1.00       95.00
   .9666144 |          1        1.00       96.00
   .9740208 |          1        1.00       97.00
   .9801796 |          1        1.00       98.00
   .9935958 |          1        1.00       99.00
   .9997593 |          1        1.00      100.00
------------+-----------------------------------
      Total |        100      100.00

          y |      Freq.     Percent        Cum.
------------+-----------------------------------
    .018611 |          1        1.00        1.00
   .0263526 |          1        1.00        2.00
   .0268655 |          1        1.00        3.00
   .0273673 |          1        1.00        4.00
   .0290261 |          1        1.00        5.00
   .0306942 |          1        1.00        6.00
   .0376063 |          1        1.00        7.00
   .0543748 |          1        1.00        8.00
   .0641449 |          1        1.00        9.00
    .075209 |          1        1.00       10.00
    .079244 |          1        1.00       11.00
   .0831937 |          1        1.00       12.00
   .1106643 |          1        1.00       13.00
   .1272038 |          1        1.00       14.00
   .1285802 |          1        1.00       15.00
   .1326422 |          1        1.00       16.00
   .1441612 |          1        1.00       17.00
   .1485588 |          1        1.00       18.00
   .1515492 |          1        1.00       19.00
   .1649755 |          1        1.00       20.00
   .1725251 |          1        1.00       21.00
   .1793649 |          1        1.00       22.00
   .2328991 |          1        1.00       23.00
    .259882 |          1        1.00       24.00
    .270927 |          1        1.00       25.00
    .284889 |          1        1.00       26.00
   .3052677 |          1        1.00       27.00
   .3333221 |          1        1.00       28.00
   .3580768 |          1        1.00       29.00
   .3601323 |          1        1.00       30.00
   .3636317 |          1        1.00       31.00
   .3774298 |          1        1.00       32.00
   .3808689 |          1        1.00       33.00
    .383771 |          1        1.00       34.00
   .3951333 |          1        1.00       35.00
   .4008249 |          1        1.00       36.00
   .4268171 |          1        1.00       37.00
   .4278193 |          1        1.00       38.00
   .4282457 |          1        1.00       39.00
   .4309995 |          1        1.00       40.00
   .4326128 |          1        1.00       41.00
   .4507767 |          1        1.00       42.00
   .4679966 |          1        1.00       43.00
   .4955698 |          1        1.00       44.00
    .533588 |          1        1.00       45.00
   .5338169 |          1        1.00       46.00
   .5647923 |          1        1.00       47.00
   .5831391 |          1        1.00       48.00
   .5914276 |          1        1.00       49.00
   .5964467 |          1        1.00       50.00
   .6017447 |          1        1.00       51.00
   .6144868 |          1        1.00       52.00
   .6463121 |          1        1.00       53.00
   .6480505 |          1        1.00       54.00
   .6554189 |          1        1.00       55.00
   .6699496 |          1        1.00       56.00
   .6727039 |          1        1.00       57.00
   .6750632 |          1        1.00       58.00
   .6824557 |          1        1.00       59.00
   .6859647 |          1        1.00       60.00
   .7046862 |          1        1.00       61.00
   .7175506 |          1        1.00       62.00
     .72932 |          1        1.00       63.00
   .7307311 |          1        1.00       64.00
   .7358824 |          1        1.00       65.00
    .736607 |          1        1.00       66.00
   .7408202 |          1        1.00       67.00
    .748951 |          1        1.00       68.00
   .7516417 |          1        1.00       69.00
   .7566593 |          1        1.00       70.00
   .7606474 |          1        1.00       71.00
   .7668425 |          1        1.00       72.00
   .7668777 |          1        1.00       73.00
   .7706894 |          1        1.00       74.00
   .7769713 |          1        1.00       75.00
   .7780603 |          1        1.00       76.00
   .7796009 |          1        1.00       77.00
   .7868325 |          1        1.00       78.00
   .7880213 |          1        1.00       79.00
   .7926383 |          1        1.00       80.00
   .7957793 |          1        1.00       81.00
   .7986892 |          1        1.00       82.00
   .8046905 |          1        1.00       83.00
   .8114291 |          1        1.00       84.00
    .826561 |          1        1.00       85.00
   .8565611 |          1        1.00       86.00
    .857968 |          1        1.00       87.00
   .8586463 |          1        1.00       88.00
   .8736449 |          1        1.00       89.00
   .8810479 |          1        1.00       90.00
   .9016539 |          1        1.00       91.00
   .9035038 |          1        1.00       92.00
   .9282494 |          1        1.00       93.00
   .9295748 |          1        1.00       94.00
   .9472191 |          1        1.00       95.00
   .9575965 |          1        1.00       96.00
   .9737868 |          1        1.00       97.00
    .976499 |          1        1.00       98.00
   .9781724 |          1        1.00       99.00
   .9938565 |          1        1.00      100.00
------------+-----------------------------------
      Total |        100      100.00
</different_test_long>
      name:  badnames
       log:  C:\Users\mwong4\Documents\GSLAB\trunk\lib\python\gslab_misc\test\input\../../log/stata_output_for_textfill/tags_incorrectly_named.log
  log type:  text
 closed on:  23 Apr 2014, 13:26:50
---------------------------------------------------------------------------------------------------------------------------------------------------------------------------------------------------------------------------------------------------------------
(note: file C:\Users\mwong4\Documents\GSLAB\trunk\lib\python\gslab_misc\test\input\../../log/stata_output_for_textfill/alternative_prefix.log not found)
---------------------------------------------------------------------------------------------------------------------------------------------------------------------------------------------------------------------------------------------------------------
      name:  prefix_long
       log:  C:\Users\mwong4\Documents\GSLAB\trunk\lib\python\gslab_misc\test\input\../../log/stata_output_for_textfill/alternative_prefix.log
  log type:  text
 opened on:  23 Apr 2014, 13:26:50
<prefix_test_long>

                              x
-------------------------------------------------------------
      Percentiles      Smallest
 1%     .0047411       .0024686
 5%     .0215199       .0070135
10%     .0560629       .0148051       Obs                 100
25%     .2085835       .0174648       Sum of Wgt.         100

50%     .4723006                      Mean           .4762635
                        Largest       Std. Dev.      .3123104
75%     .7405439       .9740208
90%     .9051134       .9801796       Variance       .0975378
95%     .9537738       .9935958       Skewness       .0056333
99%     .9966775       .9997593       Kurtosis       1.686211

                              y
-------------------------------------------------------------
      Percentiles      Smallest
 1%     .0224818        .018611
 5%     .0298601       .0263526
10%     .0772265       .0268655       Obs                 100
25%      .277908       .0273673       Sum of Wgt.         100

50%     .5990957                      Mean           .5321133
                        Largest       Std. Dev.      .2989224
75%     .7775158       .9737868
90%     .8913509        .976499       Variance       .0893546
95%     .9524078       .9781724       Skewness      -.3125655
99%     .9860145       .9938565       Kurtosis       1.783511

    Variable |       Obs        Mean    Std. Dev.       Min        Max
-------------+--------------------------------------------------------
           x |       100    .4762635    .3123104   .0024686   .9997593
           y |       100    .5321133    .2989224    .018611   .9938565

      Source |       SS       df       MS              Number of obs =     100
-------------+------------------------------           F(  1,    98) =    2.02
       Model |  .178571582     1  .178571582           Prob > F      =  0.1585
    Residual |  8.66753137    98  .088444198           R-squared     =  0.0202
-------------+------------------------------           Adj R-squared =  0.0102
       Total |  8.84610295    99  .089354575           Root MSE      =   .2974

------------------------------------------------------------------------------
           y |      Coef.   Std. Err.      t    P>|t|     [95% Conf. Interval]
-------------+----------------------------------------------------------------
           x |  -.1359885   .0957041    -1.42   0.159    -.3259102    .0539332
       _cons |   .5968796   .0544244    10.97   0.000     .4888762    .7048831
------------------------------------------------------------------------------

      Source |       SS       df       MS              Number of obs =     100
-------------+------------------------------           F(  1,    98) =    2.02
       Model |  .194925355     1  .194925355           Prob > F      =  0.1585
    Residual |    9.461313    98   .09654401           R-squared     =  0.0202
-------------+------------------------------           Adj R-squared =  0.0102
       Total |  9.65623835    99  .097537761           Root MSE      =  .31072

------------------------------------------------------------------------------
           x |      Coef.   Std. Err.      t    P>|t|     [95% Conf. Interval]
-------------+----------------------------------------------------------------
           y |  -.1484425   .1044688    -1.42   0.159    -.3557574    .0588725
       _cons |   .5552517   .0636836     8.72   0.000     .4288737    .6816298
------------------------------------------------------------------------------

Linear regression                                      Number of obs =     100
                                                       F(  1,    98) =    1.98
                                                       Prob > F      =  0.1627
                                                       R-squared     =  0.0202
                                                       Root MSE      =  .31072

------------------------------------------------------------------------------
             |               Robust
           x |      Coef.   Std. Err.      t    P>|t|     [95% Conf. Interval]
-------------+----------------------------------------------------------------
           y |  -.1484425   .1055281    -1.41   0.163    -.3578596    .0609747
       _cons |   .5552517   .0645158     8.61   0.000     .4272222    .6832813
------------------------------------------------------------------------------
</prefix_test_long>
      name:  prefix_long
       log:  C:\Users\mwong4\Documents\GSLAB\trunk\lib\python\gslab_misc\test\input\../../log/stata_output_for_textfill/alternative_prefix.log
  log type:  text
 closed on:  23 Apr 2014, 13:26:50
---------------------------------------------------------------------------------------------------------------------------------------------------------------------------------------------------------------------------------------------------------------
---------------------------------------------------------------------------------------------------------------------------------------------------------------------------------------------------------------------------------------------------------------
      name:  prefix_short
       log:  C:\Users\mwong4\Documents\GSLAB\trunk\lib\python\gslab_misc\test\input\../../log/stata_output_for_textfill/alternative_prefix.log
  log type:  text
 opened on:  23 Apr 2014, 13:26:50
<prefix_test_small>

      Source |       SS       df       MS              Number of obs =     100
-------------+------------------------------           F(  1,    98) =    2.02
       Model |  .178571582     1  .178571582           Prob > F      =  0.1585
    Residual |  8.66753137    98  .088444198           R-squared     =  0.0202
-------------+------------------------------           Adj R-squared =  0.0102
       Total |  8.84610295    99  .089354575           Root MSE      =   .2974

------------------------------------------------------------------------------
           y |      Coef.   Std. Err.      t    P>|t|     [95% Conf. Interval]
-------------+----------------------------------------------------------------
           x |  -.1359885   .0957041    -1.42   0.159    -.3259102    .0539332
       _cons |   .5968796   .0544244    10.97   0.000     .4888762    .7048831
------------------------------------------------------------------------------
</prefix_test_small>
      name:  prefix_short
       log:  C:\Users\mwong4\Documents\GSLAB\trunk\lib\python\gslab_misc\test\input\../../log/stata_output_for_textfill/alternative_prefix.log
  log type:  text
 closed on:  23 Apr 2014, 13:26:50
---------------------------------------------------------------------------------------------------------------------------------------------------------------------------------------------------------------------------------------------------------------

. 
. 
end of do-file
testArgumentOrder (test_tablefill.testTablefill) ... ok
testBreaksRoundingString (test_tablefill.testTablefill) ... ok
testIllegalSyntax (test_tablefill.testTablefill) ... ok
testInput (test_tablefill.testTablefill) ... ok
testAlternativePrefix (test_textfill.testTextfill) ... ok
testArgumentOrder (test_textfill.testTextfill) ... ok
testIllegalSyntax (test_textfill.testTextfill) ... ok
testInput (test_textfill.testTextfill) ... ok
testRemoveEchoes (test_textfill.testTextfill) ... ok
testTagsDontMatch (test_textfill.testTextfill) ... ok
testTagsIncorrectlySpecified (test_textfill.testTextfill) ... ok
testTagsNotClosed (test_textfill.testTextfill) ... ok

----------------------------------------------------------------------
Ran 12 tests in 0.742s

OK

 make.py ended: 2014-04-23 13:26:52
