
 make.py started: 2015-08-24 15:25:08 /Users/leviboxell/Desktop/eatthepie/eatthepie 


Path: gslab_make
URL: http://gsbhmg01.chicagobooth.edu/svn/trunk/lib/python/gslab_make
Repository Root: http://gsbhmg01.chicagobooth.edu/svn
Repository UUID: 89b4331b-4301-411a-8e06-9c78d9cdb83d
Revision: 32257
Node Kind: directory
Last Changed Author: athomas6
Last Changed Rev: 31413
Last Changed Date: 2015-05-20 08:18:54 -0700 (Wed, 20 May 2015)



Execute:  python  "run_all_tests.py" 
test_analytic (test_eatthepie.test_eatthepie) ... ok
test_errorchecks (test_eatthepie.test_eatthepie) ... ok
test_flatconsumption (test_eatthepie.test_eatthepie) ... ok
test_floathorizon (test_eatthepie.test_eatthepie) ... ok
test_utility (test_eatthepie.test_eatthepie) ... ok
test_zeroconsumption (test_eatthepie.test_eatthepie) ... ok
test_neg (test_MiscFunctions.test_approxloc) ... ok
test_outofrange (test_MiscFunctions.test_approxloc) ... ok
test_pos (test_MiscFunctions.test_approxloc) ... ok

----------------------------------------------------------------------
Ran 9 tests in 7.253s

OK

 make.py ended: 2015-08-24 15:25:18
