
 make.py started: 2016-08-01 11:34:53 /Users/Frank/Desktop/gslab_python/gslab_make/test 


Traceback (most recent call last):
  File "run_all_tests.py", line 8, in <module>
    testRunner.run(tests)
  File "/System/Library/Frameworks/Python.framework/Versions/2.7/lib/python2.7/unittest/runner.py", line 151, in run
    test(result)
  File "/System/Library/Frameworks/Python.framework/Versions/2.7/lib/python2.7/unittest/suite.py", line 70, in __call__
    return self.run(*args, **kwds)
  File "/System/Library/Frameworks/Python.framework/Versions/2.7/lib/python2.7/unittest/suite.py", line 108, in run
    test(result)
  File "/System/Library/Frameworks/Python.framework/Versions/2.7/lib/python2.7/unittest/suite.py", line 70, in __call__
    return self.run(*args, **kwds)
  File "/System/Library/Frameworks/Python.framework/Versions/2.7/lib/python2.7/unittest/suite.py", line 108, in run
    test(result)
  File "/System/Library/Frameworks/Python.framework/Versions/2.7/lib/python2.7/unittest/suite.py", line 70, in __call__
    return self.run(*args, **kwds)
  File "/System/Library/Frameworks/Python.framework/Versions/2.7/lib/python2.7/unittest/suite.py", line 108, in run
    test(result)
  File "/System/Library/Frameworks/Python.framework/Versions/2.7/lib/python2.7/unittest/case.py", line 395, in __call__
    return self.run(*args, **kwds)
  File "/System/Library/Frameworks/Python.framework/Versions/2.7/lib/python2.7/unittest/case.py", line 322, in run
    self.setUp()
  File "/Users/Frank/Desktop/gslab_python/gslab_make/test/test_dir_mod/test_check_manifest.py", line 22, in setUp
    start_make_logging(makelog_file)
  File "../py/make_log.py", line 91, in start_make_logging
    subprocess.check_call(command, shell = True, stdout = TEMPFILE, stderr = TEMPFILE)
  File "/System/Library/Frameworks/Python.framework/Versions/2.7/lib/python2.7/subprocess.py", line 535, in check_call
    retcode = call(*popenargs, **kwargs)
  File "/System/Library/Frameworks/Python.framework/Versions/2.7/lib/python2.7/subprocess.py", line 522, in call
    return Popen(*popenargs, **kwargs).wait()
  File "/System/Library/Frameworks/Python.framework/Versions/2.7/lib/python2.7/subprocess.py", line 1384, in wait
    pid, sts = _eintr_retry_call(os.waitpid, self.pid, 0)
  File "/System/Library/Frameworks/Python.framework/Versions/2.7/lib/python2.7/subprocess.py", line 476, in _eintr_retry_call
    return func(*args)
KeyboardInterrupt
